2026-02-28 17:26:42,069 [INFO] Activator:176 - 


2026-02-28 17:26:42,072 [INFO] Activator:177 - !SESSION log4j initialized
2026-02-28 17:26:45,751 [INFO] LogOutputStream:77 - [STDOUT_REDIRECT] 
2026-02-28 17:26:51,419 [INFO] ApplicationProperties:184 - Using Application install path: C:\ST\STM32CubeIDE_1.13.0\STM32CubeIDE\plugins\com.st.stm32cube.common.mx_6.10.0.202311202037
2026-02-28 17:26:51,430 [INFO] DbMcusXml:78 - Set database path to: C:\ST\STM32CubeIDE_1.13.0\STM32CubeIDE\plugins\com.st.stm32cube.common.mx_6.10.0.202311202037\\db\/mcu/
2026-02-28 17:26:51,430 [INFO] ApiDb:274 - Set plugin database path to: C:\ST\STM32CubeIDE_1.13.0\STM32CubeIDE\plugins\com.st.stm32cube.common.mx_6.10.0.202311202037\\db\/plugins/boardmanager/
2026-02-28 17:26:51,430 [WARN] ApiDb:259 - Overriding images path with different value:  => C:\ST\STM32CubeIDE_1.13.0\STM32CubeIDE\plugins\com.st.stm32cube.common.mx_6.10.0.202311202037\\db\/plugins/mcufinder/images/
2026-02-28 17:26:51,439 [INFO] ApiDb:250 - Set database path to: C:\Users\Xavi\.stmcufinder\plugins\mcufinder//mcu/
2026-02-28 17:26:51,440 [INFO] DbMcusAds:125 - Set database path to: C:\Users\Xavi\.stmcufinder\plugins\mcufinder//mcu/
2026-02-28 17:26:51,441 [INFO] CrossReferenceDbSqlite:203 - Set database path to: C:\Users\Xavi\.stmcufinder\plugins\mcufinder//mcu/cs/
2026-02-28 17:26:51,513 [INFO] RulesReader:64 - Compatibility file has been processed (297 Rules)
2026-02-28 17:26:51,581 [INFO] DbMcusXml:78 - Set database path to: C:\ST\STM32CubeIDE_1.13.0\STM32CubeIDE\plugins\com.st.stm32cube.common.mx_6.10.0.202311202037\\db\/mcu/
2026-02-28 17:26:51,581 [INFO] ApiDb:274 - Set plugin database path to: C:\ST\STM32CubeIDE_1.13.0\STM32CubeIDE\plugins\com.st.stm32cube.common.mx_6.10.0.202311202037\\db\/plugins/boardmanager/
2026-02-28 17:26:51,581 [INFO] ApiDb:261 - Set plugin images path to: C:\ST\STM32CubeIDE_1.13.0\STM32CubeIDE\plugins\com.st.stm32cube.common.mx_6.10.0.202311202037\\db\/plugins/mcufinder/images/
2026-02-28 17:26:51,582 [WARN] DbFile:41 - Overriding database path with different value: C:\Users\Xavi\.stmcufinder\plugins\mcufinder/ => C:\Users\Xavi\.stmcufinder\plugins\mcufinder
2026-02-28 17:26:51,582 [INFO] ApiDb:250 - Set database path to: C:\Users\Xavi\.stmcufinder\plugins\mcufinder//mcu/
2026-02-28 17:26:51,582 [WARN] DbFile:41 - Overriding database path with different value: C:\Users\Xavi\.stmcufinder\plugins\mcufinder/ => C:\Users\Xavi\.stmcufinder\plugins\mcufinder
2026-02-28 17:26:51,582 [INFO] DbMcusAds:125 - Set database path to: C:\Users\Xavi\.stmcufinder\plugins\mcufinder//mcu/
2026-02-28 17:26:51,582 [WARN] DbFile:41 - Overriding database path with different value: C:\Users\Xavi\.stmcufinder\plugins\mcufinder/ => C:\Users\Xavi\.stmcufinder\plugins\mcufinder
2026-02-28 17:26:51,582 [WARN] DbFile:41 - Overriding database path with different value: C:\Users\Xavi\.stmcufinder\plugins\mcufinder/ => C:\Users\Xavi\.stmcufinder\plugins\mcufinder
2026-02-28 17:26:51,582 [INFO] CrossReferenceDbSqlite:203 - Set database path to: C:\Users\Xavi\.stmcufinder\plugins\mcufinder//mcu/cs/
2026-02-28 17:26:51,628 [INFO] MainPanel:264 - HeapMemory: 268435456
2026-02-28 17:26:51,683 [INFO] DbMcusXml:78 - Set database path to: C:\ST\STM32CubeIDE_1.13.0\STM32CubeIDE\plugins\com.st.stm32cube.common.mx_6.10.0.202311202037\\db\/mcu/
2026-02-28 17:26:51,683 [INFO] ApiDb:274 - Set plugin database path to: C:\ST\STM32CubeIDE_1.13.0\STM32CubeIDE\plugins\com.st.stm32cube.common.mx_6.10.0.202311202037\\db\/plugins/boardmanager/
2026-02-28 17:26:51,683 [INFO] ApiDb:261 - Set plugin images path to: C:\ST\STM32CubeIDE_1.13.0\STM32CubeIDE\plugins\com.st.stm32cube.common.mx_6.10.0.202311202037\\db\/plugins/mcufinder/images/
2026-02-28 17:26:51,683 [WARN] DbFile:41 - Overriding database path with different value: C:\Users\Xavi\.stmcufinder\plugins\mcufinder/ => C:\Users\Xavi\.stmcufinder\plugins\mcufinder
2026-02-28 17:26:51,683 [INFO] ApiDb:250 - Set database path to: C:\Users\Xavi\.stmcufinder\plugins\mcufinder//mcu/
2026-02-28 17:26:51,683 [WARN] DbFile:41 - Overriding database path with different value: C:\Users\Xavi\.stmcufinder\plugins\mcufinder/ => C:\Users\Xavi\.stmcufinder\plugins\mcufinder
2026-02-28 17:26:51,683 [INFO] DbMcusAds:125 - Set database path to: C:\Users\Xavi\.stmcufinder\plugins\mcufinder//mcu/
2026-02-28 17:26:51,683 [WARN] DbFile:41 - Overriding database path with different value: C:\Users\Xavi\.stmcufinder\plugins\mcufinder/ => C:\Users\Xavi\.stmcufinder\plugins\mcufinder
2026-02-28 17:26:51,683 [WARN] DbFile:41 - Overriding database path with different value: C:\Users\Xavi\.stmcufinder\plugins\mcufinder/ => C:\Users\Xavi\.stmcufinder\plugins\mcufinder
2026-02-28 17:26:51,683 [INFO] CrossReferenceDbSqlite:203 - Set database path to: C:\Users\Xavi\.stmcufinder\plugins\mcufinder//mcu/cs/
2026-02-28 17:26:51,694 [INFO] ApplicationProperties:184 - Using Application install path: C:\ST\STM32CubeIDE_1.13.0\STM32CubeIDE\plugins\com.st.stm32cube.common.mx_6.10.0.202311202037
2026-02-28 17:26:51,694 [INFO] PluginManage:196 - Search for loadable plugins [exclusion list=, ]
2026-02-28 17:26:51,695 [INFO] PluginManage:310 - Check plugin analytics
2026-02-28 17:26:56,348 [INFO] AnalyticsPlugin:253 - Accepted Software Licenses: STM32CubeMX.6.9.0
2026-02-28 17:26:56,348 [INFO] AnalyticsPlugin:255 - Accepted CMSIS Pack Licenses: 
2026-02-28 17:26:56,348 [INFO] AnalyticsPlugin:257 - Accepted Firmware Licenses: FW.F4.1.27.0,FW.H5.1.1.0
2026-02-28 17:26:56,351 [INFO] PluginManage:359 - Loaded plugin analytics (category:tool,tabindex:-1)
2026-02-28 17:26:56,351 [INFO] PluginManage:310 - Check plugin cadmodel
2026-02-28 17:26:56,363 [INFO] CADModel:105 - Init CAD model plugin
2026-02-28 17:26:56,363 [INFO] PluginManage:359 - Loaded plugin cadmodel (category:power,tabindex:5)
2026-02-28 17:26:56,363 [INFO] PluginManage:310 - Check plugin clock
2026-02-28 17:26:56,377 [INFO] PluginManage:359 - Loaded plugin clock (category:base,tabindex:2)
2026-02-28 17:26:56,377 [INFO] PluginManage:310 - Check plugin ddr
2026-02-28 17:26:56,378 [INFO] PluginManage:359 - Loaded plugin ddr (category:tool,tabindex:6)
2026-02-28 17:26:56,378 [INFO] PluginManage:310 - Check plugin filemanager
2026-02-28 17:26:56,450 [INFO] PluginManage:359 - Loaded plugin filemanager (category:base,tabindex:10)
2026-02-28 17:26:56,450 [INFO] PluginManage:310 - Check plugin ipmanager
2026-02-28 17:26:56,455 [INFO] PluginManage:359 - Loaded plugin ipmanager (category:base,tabindex:5)
2026-02-28 17:26:56,455 [INFO] PluginManage:310 - Check plugin lpbam
2026-02-28 17:26:56,465 [INFO] PluginManage:359 - Loaded plugin lpbam (category:base,tabindex:0)
2026-02-28 17:26:56,465 [INFO] PluginManage:310 - Check plugin memorymap
2026-02-28 17:26:56,480 [INFO] PluginManage:359 - Loaded plugin memorymap (category:base,tabindex:4)
2026-02-28 17:26:56,480 [INFO] PluginManage:310 - Check plugin pinoutandconfiguration
2026-02-28 17:26:56,490 [INFO] PluginManage:359 - Loaded plugin pinoutandconfiguration (category:base,tabindex:1)
2026-02-28 17:26:56,490 [INFO] PluginManage:310 - Check plugin pinoutconfig
2026-02-28 17:26:56,547 [WARN] SupportedApi:132 - Cannot load RTOS API schema: s4s-elt-must-match.1: The content of 'definitions' must match (annotation?, (simpleType | complexType)?, (unique | key | keyref)*)). A problem was found starting at: attribute.
2026-02-28 17:26:56,616 [INFO] PluginManage:359 - Loaded plugin pinoutconfig (category:base,tabindex:0)
2026-02-28 17:26:56,616 [INFO] PluginManage:310 - Check plugin power
2026-02-28 17:26:56,629 [INFO] PluginManage:359 - Loaded plugin power (category:power,tabindex:4)
2026-02-28 17:26:56,629 [INFO] PluginManage:310 - Check plugin projectmanager
2026-02-28 17:26:56,639 [INFO] PluginManage:359 - Loaded plugin projectmanager (category:projectmanager,tabindex:3)
2026-02-28 17:26:56,640 [INFO] PluginManage:310 - Check plugin thirdparty
2026-02-28 17:26:56,807 [INFO] PluginManage:359 - Loaded plugin thirdparty (category:base,tabindex:-1)
2026-02-28 17:26:56,807 [INFO] PluginManage:310 - Check plugin tools
2026-02-28 17:26:56,807 [WARN] IntegrityCheckThread:84 - waiting for thirdparty lock release [integrity check]
2026-02-28 17:26:56,807 [INFO] IntegrityCheckThread:86 - entering critical section [integrity check]
2026-02-28 17:26:56,807 [INFO] ThirdPartyUpdaterWithRetryManager:70 - Updater plugin not ready yet. [1/15]
2026-02-28 17:26:56,829 [INFO] PluginManage:359 - Loaded plugin tools (category:base,tabindex:7)
2026-02-28 17:26:56,829 [INFO] PluginManage:310 - Check plugin tutovideos
2026-02-28 17:26:56,945 [INFO] PluginManage:359 - Loaded plugin tutovideos (category:base,tabindex:-1)
2026-02-28 17:26:56,946 [INFO] PluginManage:310 - Check plugin updater
2026-02-28 17:26:56,953 [INFO] PluginManage:359 - Loaded plugin updater (category:base,tabindex:12)
2026-02-28 17:26:56,953 [INFO] PluginManage:310 - Check plugin userauth
2026-02-28 17:26:56,957 [INFO] UserAuth:114 - Init User Auth plugin
2026-02-28 17:26:56,957 [INFO] PluginManage:359 - Loaded plugin userauth (category:base,tabindex:14)
2026-02-28 17:26:56,957 [INFO] PluginManage:283 - PluginManage : Loaded plugins [17]
2026-02-28 17:26:57,072 [INFO] PinOutPanel:1499 - setPackage(No Configuration,No Configuration)
2026-02-28 17:26:57,110 [INFO] CADModel:165 - CPN selected for project level
2026-02-28 17:26:57,110 [INFO] CADModel:114 - Register for checkConnection events
2026-02-28 17:26:57,126 [INFO] IPUIPlugin:80 - create IPUIPlugin
2026-02-28 17:26:57,127 [INFO] PluginManager:220 - loadIPPluginJar : add adc
2026-02-28 17:26:57,150 [INFO] IPUIPlugin:80 - create IPUIPlugin
2026-02-28 17:26:57,150 [INFO] PluginManager:220 - loadIPPluginJar : add aes
2026-02-28 17:26:57,176 [INFO] IPUIPlugin:80 - create IPUIPlugin
2026-02-28 17:26:57,176 [INFO] PluginManager:220 - loadIPPluginJar : add can
2026-02-28 17:26:57,192 [INFO] IPUIPlugin:80 - create IPUIPlugin
2026-02-28 17:26:57,192 [INFO] PluginManager:220 - loadIPPluginJar : add comp
2026-02-28 17:26:57,213 [INFO] IPUIPlugin:80 - create IPUIPlugin
2026-02-28 17:26:57,213 [INFO] PluginManager:220 - loadIPPluginJar : add cryp
2026-02-28 17:26:57,231 [INFO] IPUIPlugin:80 - create IPUIPlugin
2026-02-28 17:26:57,231 [INFO] PluginManager:220 - loadIPPluginJar : add dfsdm
2026-02-28 17:26:57,240 [INFO] IPUIPlugin:80 - create IPUIPlugin
2026-02-28 17:26:57,240 [INFO] PluginManager:220 - loadIPPluginJar : add dma
2026-02-28 17:26:57,268 [INFO] IPUIPlugin:80 - create IPUIPlugin
2026-02-28 17:26:57,269 [INFO] PluginManager:220 - loadIPPluginJar : add dma3
2026-02-28 17:26:57,281 [INFO] IPUIPlugin:80 - create IPUIPlugin
2026-02-28 17:26:57,281 [INFO] PluginManager:220 - loadIPPluginJar : add fatfs
2026-02-28 17:26:57,311 [INFO] IPUIPlugin:80 - create IPUIPlugin
2026-02-28 17:26:57,311 [INFO] PluginManager:220 - loadIPPluginJar : add fmc
2026-02-28 17:26:57,320 [INFO] IPUIPlugin:80 - create IPUIPlugin
2026-02-28 17:26:57,320 [INFO] PluginManager:220 - loadIPPluginJar : add freertos
2026-02-28 17:26:57,333 [INFO] IPUIPlugin:80 - create IPUIPlugin
2026-02-28 17:26:57,333 [INFO] PluginManager:220 - loadIPPluginJar : add genericplugin
2026-02-28 17:26:57,390 [INFO] IPUIPlugin:80 - create IPUIPlugin
2026-02-28 17:26:57,390 [INFO] PluginManager:220 - loadIPPluginJar : add gfxmmu
2026-02-28 17:26:57,471 [INFO] IPUIPlugin:80 - create IPUIPlugin
2026-02-28 17:26:57,471 [INFO] PluginManager:220 - loadIPPluginJar : add gic
2026-02-28 17:26:57,479 [INFO] IPUIPlugin:80 - create IPUIPlugin
2026-02-28 17:26:57,479 [INFO] PluginManager:220 - loadIPPluginJar : add gpio
2026-02-28 17:26:57,538 [INFO] IPUIPlugin:80 - create IPUIPlugin
2026-02-28 17:26:57,538 [INFO] PluginManager:220 - loadIPPluginJar : add gtzc
2026-02-28 17:26:57,558 [INFO] IPUIPlugin:80 - create IPUIPlugin
2026-02-28 17:26:57,558 [INFO] PluginManager:220 - loadIPPluginJar : add hash
2026-02-28 17:26:57,590 [INFO] IPUIPlugin:80 - create IPUIPlugin
2026-02-28 17:26:57,590 [INFO] PluginManager:220 - loadIPPluginJar : add i2c
2026-02-28 17:26:57,613 [INFO] IPUIPlugin:80 - create IPUIPlugin
2026-02-28 17:26:57,613 [INFO] PluginManager:220 - loadIPPluginJar : add i2s
2026-02-28 17:26:57,639 [INFO] IPUIPlugin:80 - create IPUIPlugin
2026-02-28 17:26:57,640 [INFO] PluginManager:220 - loadIPPluginJar : add i3c
2026-02-28 17:26:57,706 [INFO] IPUIPlugin:80 - create IPUIPlugin
2026-02-28 17:26:57,706 [INFO] PluginManager:220 - loadIPPluginJar : add ipddr
2026-02-28 17:26:57,762 [INFO] IPUIPlugin:80 - create IPUIPlugin
2026-02-28 17:26:57,762 [INFO] PluginManager:220 - loadIPPluginJar : add linkedlist
2026-02-28 17:26:57,783 [INFO] IPUIPlugin:80 - create IPUIPlugin
2026-02-28 17:26:57,783 [INFO] PluginManager:220 - loadIPPluginJar : add lorawan
2026-02-28 17:26:57,806 [INFO] IPUIPlugin:80 - create IPUIPlugin
2026-02-28 17:26:57,806 [INFO] PluginManager:220 - loadIPPluginJar : add ltdc
2026-02-28 17:26:57,815 [INFO] IPUIPlugin:80 - create IPUIPlugin
2026-02-28 17:26:57,815 [INFO] PluginManager:220 - loadIPPluginJar : add mdma
2026-02-28 17:26:57,822 [INFO] IPUIPlugin:80 - create IPUIPlugin
2026-02-28 17:26:57,822 [INFO] PluginManager:220 - loadIPPluginJar : add nvic
2026-02-28 17:26:57,847 [INFO] IPUIPlugin:80 - create IPUIPlugin
2026-02-28 17:26:57,847 [INFO] PluginManager:220 - loadIPPluginJar : add opamp
2026-02-28 17:26:57,885 [INFO] IPUIPlugin:80 - create IPUIPlugin
2026-02-28 17:26:57,885 [INFO] PluginManager:220 - loadIPPluginJar : add openamp
2026-02-28 17:26:57,911 [INFO] IPUIPlugin:80 - create IPUIPlugin
2026-02-28 17:26:57,911 [INFO] PluginManager:220 - loadIPPluginJar : add pdm2pcm
2026-02-28 17:26:57,920 [INFO] IPUIPlugin:80 - create IPUIPlugin
2026-02-28 17:26:57,921 [INFO] PluginManager:220 - loadIPPluginJar : add plateformsettings
2026-02-28 17:26:57,934 [INFO] IPUIPlugin:80 - create IPUIPlugin
2026-02-28 17:26:57,934 [INFO] PluginManager:220 - loadIPPluginJar : add quadspi
2026-02-28 17:26:57,942 [INFO] IPUIPlugin:80 - create IPUIPlugin
2026-02-28 17:26:57,942 [INFO] PluginManager:220 - loadIPPluginJar : add resmgrutility
2026-02-28 17:26:57,972 [INFO] IPUIPlugin:80 - create IPUIPlugin
2026-02-28 17:26:57,972 [INFO] PluginManager:220 - loadIPPluginJar : add sai
2026-02-28 17:26:57,995 [INFO] IPUIPlugin:80 - create IPUIPlugin
2026-02-28 17:26:57,995 [INFO] PluginManager:220 - loadIPPluginJar : add spi
2026-02-28 17:26:58,039 [INFO] IPUIPlugin:80 - create IPUIPlugin
2026-02-28 17:26:58,039 [INFO] PluginManager:220 - loadIPPluginJar : add stm32_wpan
2026-02-28 17:26:58,053 [INFO] IPUIPlugin:80 - create IPUIPlugin
2026-02-28 17:26:58,053 [INFO] PluginManager:220 - loadIPPluginJar : add tim
2026-02-28 17:26:58,088 [INFO] IPUIPlugin:80 - create IPUIPlugin
2026-02-28 17:26:58,088 [INFO] PluginManager:220 - loadIPPluginJar : add touchsensing
2026-02-28 17:26:58,101 [INFO] IPUIPlugin:80 - create IPUIPlugin
2026-02-28 17:26:58,101 [INFO] PluginManager:220 - loadIPPluginJar : add tracer_emb
2026-02-28 17:26:58,115 [INFO] IPUIPlugin:80 - create IPUIPlugin
2026-02-28 17:26:58,115 [INFO] PluginManager:220 - loadIPPluginJar : add ts
2026-02-28 17:26:58,129 [INFO] IPUIPlugin:80 - create IPUIPlugin
2026-02-28 17:26:58,129 [INFO] PluginManager:220 - loadIPPluginJar : add tsc
2026-02-28 17:26:58,141 [INFO] IPUIPlugin:80 - create IPUIPlugin
2026-02-28 17:26:58,141 [INFO] PluginManager:220 - loadIPPluginJar : add ucpd
2026-02-28 17:26:58,168 [INFO] IPUIPlugin:80 - create IPUIPlugin
2026-02-28 17:26:58,168 [INFO] PluginManager:220 - loadIPPluginJar : add usart
2026-02-28 17:26:58,195 [INFO] IPUIPlugin:80 - create IPUIPlugin
2026-02-28 17:26:58,195 [INFO] PluginManager:220 - loadIPPluginJar : add usbx
2026-02-28 17:26:58,295 [INFO] CADModel:165 - CPN selected for project level
2026-02-28 17:26:58,295 [INFO] CADModel:114 - Register for checkConnection events
2026-02-28 17:26:58,295 [FATAL] Updater:308 - Updater called before beeing initialized
2026-02-28 17:26:58,296 [ERROR] CADModel:125 - Updater not yet initialized, retry later 
2026-02-28 17:26:58,370 [INFO] CADModel:165 - CPN selected for project level
2026-02-28 17:26:58,370 [INFO] CADModel:114 - Register for checkConnection events
2026-02-28 17:26:58,370 [FATAL] Updater:308 - Updater called before beeing initialized
2026-02-28 17:26:58,370 [ERROR] CADModel:125 - Updater not yet initialized, retry later 
2026-02-28 17:26:58,372 [FATAL] Updater:308 - Updater called before beeing initialized
2026-02-28 17:26:58,427 [FATAL] Updater:308 - Updater called before beeing initialized
2026-02-28 17:26:58,433 [INFO] DbMcusAds:53 - JSON generation date=Wed Feb 18 15:32:49 CET 2026 (1771425169665)
2026-02-28 17:26:58,433 [FATAL] Updater:308 - Updater called before beeing initialized
2026-02-28 17:26:58,483 [WARN] DetailPanel:346 - Failed to get advertising image, set to default
2026-02-28 17:26:58,545 [FATAL] Updater:308 - Updater called before beeing initialized
2026-02-28 17:26:58,546 [FATAL] Updater:308 - Updater called before beeing initialized
2026-02-28 17:26:58,546 [FATAL] Updater:308 - Updater called before beeing initialized
2026-02-28 17:26:58,546 [WARN] DetailPanel:346 - Failed to get advertising image, set to default
2026-02-28 17:26:58,546 [FATAL] Updater:308 - Updater called before beeing initialized
2026-02-28 17:26:58,577 [ERROR] Updater:1120 - MainUpdater not yet initialized. External WinMGr cannot be set.
2026-02-28 17:26:58,583 [INFO] Updater:1056 - Updater Version found : 6.10.0
2026-02-28 17:26:58,594 [INFO] ApplicationProperties:184 - Using Application install path: C:\ST\STM32CubeIDE_1.13.0\STM32CubeIDE\plugins\com.st.stm32cube.common.mx_6.10.0.202311202037
2026-02-28 17:26:58,626 [INFO] MainUpdater:526 - Copy updater definitions from MX database
2026-02-28 17:26:58,880 [INFO] MainUpdater:2873 - connection check result : 10
2026-02-28 17:26:58,880 [INFO] MainUpdater:3567 - Updater definition file requires update
2026-02-28 17:26:58,881 [INFO] MainUpdater:290 - Updater Check For Update Now.
2026-02-28 17:26:58,881 [INFO] MicroXplorer:498 - Change Database Version : DB.6.0.100
2026-02-28 17:26:58,893 [INFO] McuFinderGlobals:63 - Set McuFinder mode to 2 (CubeIDE integrated)
2026-02-28 17:26:58,899 [INFO] UserAuth:404 - Internet connection configuration mode: 1
2026-02-28 17:26:58,915 [INFO] JxBrowserEngine:152 - Initiate JxBrowser Engine with user profile folder
2026-02-28 17:26:58,972 [INFO] ServerAccessManage:473 - Download File updaters.zip
2026-02-28 17:26:59,045 [INFO] FileExtend:240 - Unzip File : updaters.zip
2026-02-28 17:26:59,045 [INFO] FileExtend:255 - Standard Zip Deflate
2026-02-28 17:26:59,422 [INFO] ServerAccessManage:473 - Download File PacksControlFlags.xml
2026-02-28 17:26:59,478 [INFO] ServerAccessManage:473 - Download File cubemx.pidx
2026-02-28 17:26:59,549 [INFO] LoadServerUpdatesThread:375 - End of LoadServerUpdate Thread
2026-02-28 17:26:59,697 [INFO] CheckServerUpdateThread:120 - End of CheckServer Thread
2026-02-28 17:26:59,960 [WARN] PackLoader:240 - Cannot read IP mode file for STMicroelectronics.FP-SNS-MOTENVWB1.1.4.0
2026-02-28 17:26:59,971 [WARN] PackLoader:240 - Cannot read IP mode file for STMicroelectronics.FP-ATR-ASTRA1.2.0.2
2026-02-28 17:26:59,979 [WARN] PackLoader:240 - Cannot read IP mode file for STMicroelectronics.FP-ATR-ASTRA1.2.0.1
2026-02-28 17:26:59,988 [WARN] PackLoader:240 - Cannot read IP mode file for STMicroelectronics.X-CUBE-SMBUS.2.1.0
2026-02-28 17:26:59,998 [WARN] PackLoader:240 - Cannot read IP mode file for STMicroelectronics.X-CUBE-WB05N.1.1.0
2026-02-28 17:27:00,004 [ERROR] Engine:466 - C:\Users\Xavi\.stm32cubemx\thirdparties\pdsc\STMicroelectronics.X-CUBE-ST60.1.0.0.pdsc: PDSC version is not supported
2026-02-28 17:27:00,012 [WARN] PackLoader:240 - Cannot read IP mode file for STMicroelectronics.X-CUBE-TOUCHGFX.4.23.0
2026-02-28 17:27:00,034 [WARN] PackLoader:240 - Cannot read IP mode file for STMicroelectronics.X-CUBE-AZRTOS-F7.1.1.0
2026-02-28 17:27:00,045 [WARN] PackLoader:240 - Cannot read IP mode file for STMicroelectronics.FP-SNS-MOTENV1.4.3.2
2026-02-28 17:27:00,080 [WARN] PackLoader:240 - Cannot read IP mode file for STMicroelectronics.X-CUBE-MEMS1.11.0.0
2026-02-28 17:27:00,156 [WARN] PackLoader:240 - Cannot read IP mode file for STMicroelectronics.X-CUBE-BLE1.6.2.4
2026-02-28 17:27:00,165 [ERROR] Engine:466 - C:\Users\Xavi\.stm32cubemx\thirdparties\pdsc\STMicroelectronics.FP-SNS-MOTENV1.5.1.0.pdsc: PDSC version is not supported
2026-02-28 17:27:00,171 [WARN] PackLoader:240 - Cannot read IP mode file for STMicroelectronics.FP-SNS-FLIGHT1.5.0.2
2026-02-28 17:27:00,189 [WARN] PackLoader:240 - Cannot read IP mode file for STMicroelectronics.X-CUBE-AZRTOS-H7.3.4.0
2026-02-28 17:27:00,201 [WARN] PackLoader:240 - Cannot read IP mode file for STMicroelectronics.X-CUBE-DISPLAY.3.0.0
2026-02-28 17:27:00,209 [ERROR] Engine:466 - C:\Users\Xavi\.stm32cubemx\thirdparties\pdsc\STMicroelectronics.FP-SNS-MOTENVWB1.1.5.0.pdsc: PDSC version is not supported
2026-02-28 17:27:00,216 [WARN] PackLoader:240 - Cannot read IP mode file for STMicroelectronics.X-CUBE-BLE1.7.0.0
2026-02-28 17:27:00,224 [WARN] PackLoader:240 - Cannot read IP mode file for STMicroelectronics.X-CUBE-NFC10.1.0.0
2026-02-28 17:27:00,234 [WARN] PackLoader:240 - Cannot read IP mode file for STMicroelectronics.X-CUBE-BLEMGR.4.0.0
2026-02-28 17:27:00,242 [ERROR] Engine:466 - C:\Users\Xavi\.stm32cubemx\thirdparties\pdsc\STMicroelectronics.X-CUBE-ST60.1.1.0.pdsc: PDSC version is not supported
2026-02-28 17:27:00,249 [WARN] PackLoader:240 - Cannot read IP mode file for emotas.I-CUBE-CANOPEN.1.3.0
2026-02-28 17:27:00,256 [WARN] PackLoader:240 - Cannot read IP mode file for STMicroelectronics.X-CUBE-TOUCHGFX.4.22.0
2026-02-28 17:27:00,263 [WARN] PackLoader:240 - Cannot read IP mode file for STMicroelectronics.X-CUBE-GNSS1.7.1.0
2026-02-28 17:27:00,270 [WARN] PackLoader:240 - Cannot read IP mode file for STMicroelectronics.X-CUBE-TOUCHGFX.4.22.1
2026-02-28 17:27:00,278 [WARN] PackLoader:240 - Cannot read IP mode file for STMicroelectronics.X-CUBE-BLEMGR.3.1.0
2026-02-28 17:27:00,286 [WARN] PackLoader:240 - Cannot read IP mode file for STMicroelectronics.X-CUBE-AI.10.0.0
2026-02-28 17:27:00,292 [ERROR] Engine:466 - C:\Users\Xavi\.stm32cubemx\thirdparties\pdsc\STMicroelectronics.FP-SNS-STBOX1.2.1.0.pdsc: PDSC version is not supported
2026-02-28 17:27:00,299 [WARN] PackLoader:240 - Cannot read IP mode file for STMicroelectronics.FP-SNS-SMARTAG2.1.2.0
2026-02-28 17:27:00,306 [ERROR] Engine:466 - C:\Users\Xavi\.stm32cubemx\thirdparties\pdsc\STMicroelectronics.FP-SNS-FLIGHT1.5.1.0.pdsc: PDSC version is not supported
2026-02-28 17:27:00,336 [WARN] PackLoader:240 - Cannot read IP mode file for STMicroelectronics.X-CUBE-MEMS1.11.1.0
2026-02-28 17:27:00,410 [INFO] LogOutputStream:77 - [STDOUT_REDIRECT] 1 : Invalid condition id : UX_CORESTACK_Condition cause : null
2026-02-28 17:27:00,410 [INFO] LogOutputStream:77 - [STDOUT_REDIRECT] 1 : Invalid condition id : UX_CORESTACK_Condition cause : null
2026-02-28 17:27:00,411 [INFO] LogOutputStream:77 - [STDOUT_REDIRECT] 1 : Invalid condition id : UX_CORESTACK_Condition cause : null
2026-02-28 17:27:00,412 [INFO] LogOutputStream:77 - [STDOUT_REDIRECT] 1 : Invalid condition id : UX_CORESTACK_Condition cause : null
2026-02-28 17:27:00,413 [INFO] LogOutputStream:77 - [STDOUT_REDIRECT] 1 : Invalid condition id : UX_CORESTACK_Condition cause : null
2026-02-28 17:27:00,414 [WARN] PackLoader:240 - Cannot read IP mode file for STMicroelectronics.X-CUBE-AZRTOS-WL.2.0.0
2026-02-28 17:27:00,423 [WARN] PackLoader:240 - Cannot read IP mode file for STMicroelectronics.FP-SNS-MOTENV1.5.0.0
2026-02-28 17:27:00,441 [WARN] PackLoader:240 - Cannot read IP mode file for STMicroelectronics.X-CUBE-AZRTOS-H7RS.1.2.0
2026-02-28 17:27:00,448 [WARN] PackLoader:240 - Cannot read IP mode file for wolfSSL.I-CUBE-wolfMQTT.1.19.0
2026-02-28 17:27:00,459 [WARN] PackLoader:240 - Cannot read IP mode file for WES.I-CUBE-Cesium.1.3.0
2026-02-28 17:27:00,466 [WARN] PackLoader:240 - Cannot read IP mode file for STMicroelectronics.X-CUBE-BLE2.3.3.0
2026-02-28 17:27:00,471 [ERROR] Engine:466 - C:\Users\Xavi\.stm32cubemx\thirdparties\pdsc\Avnet-IOTCONNECT.X-CUBE-iotc-st67-sdk.1.0.0.pdsc: PDSC version is not supported
2026-02-28 17:27:00,479 [WARN] PackLoader:240 - Cannot read IP mode file for STMicroelectronics.X-CUBE-NFC9.1.0.0
2026-02-28 17:27:00,488 [WARN] PackLoader:240 - Cannot read IP mode file for STMicroelectronics.X-CUBE-BLE1.7.1.0
2026-02-28 17:27:00,497 [WARN] PackLoader:240 - Cannot read IP mode file for STMicroelectronics.X-CUBE-TCPP.4.1.0
2026-02-28 17:27:00,505 [ERROR] Engine:466 - C:\Users\Xavi\.stm32cubemx\thirdparties\pdsc\STMicroelectronics.X-CUBE-FREERTOS.1.4.0.pdsc: PDSC version is not supported
2026-02-28 17:27:00,513 [WARN] PackLoader:240 - Cannot read IP mode file for STMicroelectronics.X-CUBE-EEPRMA1.5.2.0
2026-02-28 17:27:00,520 [ERROR] Engine:466 - C:\Users\Xavi\.stm32cubemx\thirdparties\pdsc\STMicroelectronics.X-CUBE-ST67W61.1.1.0.pdsc: PDSC version is not supported
2026-02-28 17:27:00,527 [WARN] PackLoader:240 - Cannot read IP mode file for STMicroelectronics.X-CUBE-AI.10.1.0
2026-02-28 17:27:00,555 [WARN] PackLoader:240 - Cannot read IP mode file for STMicroelectronics.X-CUBE-MEMS1.12.0.0
2026-02-28 17:27:00,596 [WARN] PackLoader:240 - Cannot read IP mode file for STMicroelectronics.X-CUBE-ALGOBUILD.1.3.0
2026-02-28 17:27:00,610 [WARN] PackLoader:240 - Cannot read IP mode file for STMicroelectronics.X-CUBE-AZRTOS-G0.1.1.0
2026-02-28 17:27:00,619 [WARN] PackLoader:240 - Cannot read IP mode file for STMicroelectronics.X-CUBE-SAFEA1.1.2.2
2026-02-28 17:27:00,627 [WARN] PackLoader:240 - Cannot read IP mode file for STMicroelectronics.X-CUBE-NFC4.3.0.0
2026-02-28 17:27:00,640 [WARN] PackLoader:240 - Cannot read IP mode file for EmbeddedOffice.I-CUBE-FS-RTOS.1.0.1
2026-02-28 17:27:00,640 [ERROR] ConditionMgr:805 - Attr not supported : Dmpu
2026-02-28 17:27:00,640 [ERROR] ConditionMgr:805 - Attr not supported : Dmpu
2026-02-28 17:27:00,640 [ERROR] ConditionMgr:805 - Attr not supported : Dmpu
2026-02-28 17:27:00,640 [ERROR] ConditionMgr:805 - Attr not supported : Dmpu
2026-02-28 17:27:00,640 [ERROR] ConditionMgr:805 - Attr not supported : Dmpu
2026-02-28 17:27:00,640 [ERROR] ConditionMgr:805 - Attr not supported : Dmpu
2026-02-28 17:27:00,640 [ERROR] ConditionMgr:805 - Attr not supported : Dmpu
2026-02-28 17:27:00,640 [ERROR] ConditionMgr:805 - Attr not supported : Dmpu
2026-02-28 17:27:00,640 [ERROR] ConditionMgr:805 - Attr not supported : Dmpu
2026-02-28 17:27:00,640 [ERROR] ConditionMgr:805 - Attr not supported : Dmpu
2026-02-28 17:27:00,640 [ERROR] ConditionMgr:805 - Attr not supported : Dmpu
2026-02-28 17:27:00,640 [ERROR] ConditionMgr:805 - Attr not supported : Dmpu
2026-02-28 17:27:00,640 [ERROR] ConditionMgr:805 - Attr not supported : Dmpu
2026-02-28 17:27:00,640 [ERROR] ConditionMgr:805 - Attr not supported : Dmpu
2026-02-28 17:27:00,640 [ERROR] ConditionMgr:805 - Attr not supported : Dmpu
2026-02-28 17:27:00,640 [ERROR] ConditionMgr:805 - Attr not supported : Dmpu
2026-02-28 17:27:00,640 [ERROR] ConditionMgr:805 - Attr not supported : Dmpu
2026-02-28 17:27:00,640 [ERROR] ConditionMgr:805 - Attr not supported : Dmpu
2026-02-28 17:27:00,640 [ERROR] ConditionMgr:805 - Attr not supported : Dmpu
2026-02-28 17:27:00,640 [ERROR] ConditionMgr:805 - Attr not supported : Dmpu
2026-02-28 17:27:00,640 [ERROR] ConditionMgr:805 - Attr not supported : Dmpu
2026-02-28 17:27:00,640 [ERROR] ConditionMgr:805 - Attr not supported : Dmpu
2026-02-28 17:27:00,640 [ERROR] ConditionMgr:805 - Attr not supported : Dmpu
2026-02-28 17:27:00,640 [ERROR] ConditionMgr:805 - Attr not supported : Dmpu
2026-02-28 17:27:00,640 [ERROR] ConditionMgr:805 - Attr not supported : Dmpu
2026-02-28 17:27:00,640 [ERROR] ConditionMgr:805 - Attr not supported : Dmpu
2026-02-28 17:27:00,640 [ERROR] ConditionMgr:805 - Attr not supported : Dmpu
2026-02-28 17:27:00,640 [ERROR] ConditionMgr:805 - Attr not supported : Dmpu
2026-02-28 17:27:00,640 [ERROR] ConditionMgr:805 - Attr not supported : Dmpu
2026-02-28 17:27:00,640 [ERROR] ConditionMgr:805 - Attr not supported : Dmpu
2026-02-28 17:27:00,641 [ERROR] ConditionMgr:805 - Attr not supported : Dmpu
2026-02-28 17:27:00,641 [ERROR] ConditionMgr:805 - Attr not supported : Dmpu
2026-02-28 17:27:00,641 [ERROR] ConditionMgr:805 - Attr not supported : Dmpu
2026-02-28 17:27:00,641 [ERROR] ConditionMgr:805 - Attr not supported : Dmpu
2026-02-28 17:27:00,641 [ERROR] ConditionMgr:805 - Attr not supported : Dmpu
2026-02-28 17:27:00,641 [ERROR] ConditionMgr:805 - Attr not supported : Dmpu
2026-02-28 17:27:00,641 [ERROR] ConditionMgr:805 - Attr not supported : Dmpu
2026-02-28 17:27:00,641 [ERROR] ConditionMgr:805 - Attr not supported : Dmpu
2026-02-28 17:27:00,641 [ERROR] ConditionMgr:805 - Attr not supported : Dmpu
2026-02-28 17:27:00,641 [ERROR] ConditionMgr:805 - Attr not supported : Dmpu
2026-02-28 17:27:00,641 [ERROR] ConditionMgr:805 - Attr not supported : Dmpu
2026-02-28 17:27:00,641 [ERROR] ConditionMgr:805 - Attr not supported : Dmpu
2026-02-28 17:27:00,641 [ERROR] ConditionMgr:805 - Attr not supported : Dmpu
2026-02-28 17:27:00,641 [ERROR] ConditionMgr:805 - Attr not supported : Dmpu
2026-02-28 17:27:00,641 [ERROR] ConditionMgr:805 - Attr not supported : Dmpu
2026-02-28 17:27:00,641 [ERROR] ConditionMgr:805 - Attr not supported : Dmpu
2026-02-28 17:27:00,641 [ERROR] ConditionMgr:805 - Attr not supported : Dmpu
2026-02-28 17:27:00,641 [ERROR] ConditionMgr:805 - Attr not supported : Dmpu
2026-02-28 17:27:00,641 [ERROR] ConditionMgr:805 - Attr not supported : Dmpu
2026-02-28 17:27:00,641 [ERROR] ConditionMgr:805 - Attr not supported : Dmpu
2026-02-28 17:27:00,641 [ERROR] ConditionMgr:805 - Attr not supported : Dmpu
2026-02-28 17:27:00,641 [ERROR] ConditionMgr:805 - Attr not supported : Dmpu
2026-02-28 17:27:00,641 [ERROR] ConditionMgr:805 - Attr not supported : Dmpu
2026-02-28 17:27:00,641 [ERROR] ConditionMgr:805 - Attr not supported : Dmpu
2026-02-28 17:27:00,641 [ERROR] ConditionMgr:805 - Attr not supported : Dmpu
2026-02-28 17:27:00,641 [ERROR] ConditionMgr:805 - Attr not supported : Dmpu
2026-02-28 17:27:00,641 [ERROR] ConditionMgr:805 - Attr not supported : Dmpu
2026-02-28 17:27:00,641 [ERROR] ConditionMgr:805 - Attr not supported : Dmpu
2026-02-28 17:27:00,641 [ERROR] ConditionMgr:805 - Attr not supported : Dmpu
2026-02-28 17:27:00,641 [ERROR] ConditionMgr:805 - Attr not supported : Dmpu
2026-02-28 17:27:00,641 [ERROR] ConditionMgr:805 - Attr not supported : Dmpu
2026-02-28 17:27:00,641 [ERROR] ConditionMgr:805 - Attr not supported : Dmpu
2026-02-28 17:27:00,641 [ERROR] ConditionMgr:805 - Attr not supported : Dmpu
2026-02-28 17:27:00,641 [ERROR] ConditionMgr:805 - Attr not supported : Dmpu
2026-02-28 17:27:00,650 [WARN] PackLoader:240 - Cannot read IP mode file for STMicroelectronics.X-CUBE-WB05N.2.0.0
2026-02-28 17:27:00,659 [WARN] PackLoader:240 - Cannot read IP mode file for STMicroelectronics.X-CUBE-BLEMGR.3.0.0
2026-02-28 17:27:00,669 [ERROR] Engine:466 - C:\Users\Xavi\.stm32cubemx\thirdparties\pdsc\STMicroelectronics.X-CUBE-TCPP.4.2.0.pdsc: PDSC version is not supported
2026-02-28 17:27:00,677 [WARN] PackLoader:240 - Cannot read IP mode file for RealThread.X-CUBE-RT-Thread_Nano.4.1.1
2026-02-28 17:27:00,684 [WARN] PackLoader:240 - Cannot read IP mode file for STMicroelectronics.FP-ATR-SIGFOX1.3.2.0
2026-02-28 17:27:00,691 [WARN] ConditionMgr:438 - getConditionDescription Invalid condition id : Cortex-A Device cause : null
2026-02-28 17:27:00,705 [WARN] ConditionMgr:1039 - genDependencies : Invalid condition id : Cortex-A Device cause : null
2026-02-28 17:27:00,705 [WARN] ConditionMgr:1039 - genDependencies : Invalid condition id : Cortex-A Device cause : null
2026-02-28 17:27:00,705 [WARN] ConditionMgr:1039 - genDependencies : Invalid condition id : Cortex-A Device cause : null
2026-02-28 17:27:00,713 [WARN] PackLoader:240 - Cannot read IP mode file for STMicroelectronics.X-CUBE-EEPRMA1.5.1.0
2026-02-28 17:27:00,724 [WARN] PackLoader:240 - Cannot read IP mode file for STMicroelectronics.X-CUBE-NFC6.3.2.0
2026-02-28 17:27:00,733 [ERROR] Engine:466 - C:\Users\Xavi\.stm32cubemx\thirdparties\pdsc\STMicroelectronics.X-CUBE-ST67W61.1.0.0.pdsc: PDSC version is not supported
2026-02-28 17:27:00,739 [WARN] PackLoader:240 - Cannot read IP mode file for STMicroelectronics.X-CUBE-AI.10.2.0
2026-02-28 17:27:00,761 [WARN] PackLoader:240 - Cannot read IP mode file for SEGGER.I-CUBE-embOS.1.3.1
2026-02-28 17:27:00,784 [WARN] PackLoader:240 - Cannot read IP mode file for STMicroelectronics.X-CUBE-ALGOBUILD.1.4.0
2026-02-28 17:27:00,811 [WARN] PackLoader:240 - Cannot read IP mode file for STMicroelectronics.X-CUBE-MEMS1.11.3.0
2026-02-28 17:27:00,881 [WARN] PackLoader:240 - Cannot read IP mode file for STMicroelectronics.X-CUBE-PM33A1.1.0.0
2026-02-28 17:27:00,889 [WARN] PackLoader:240 - Cannot read IP mode file for STMicroelectronics.X-CUBE-GNSS1.6.0.0
2026-02-28 17:27:00,903 [WARN] PackLoader:240 - Cannot read IP mode file for STMicroelectronics.X-CUBE-AZRTOS-F4.1.1.0
2026-02-28 17:27:00,911 [WARN] PackLoader:240 - Cannot read IP mode file for wolfSSL.I-CUBE-wolfSSL.5.6.3
2026-02-28 17:27:00,917 [ERROR] Engine:466 - C:\Users\Xavi\.stm32cubemx\thirdparties\pdsc\Avnet-IotConnect.X-CUBE-IoTC-DA16k-PMOD.1.0.0.pdsc: PDSC version is not supported
2026-02-28 17:27:00,925 [WARN] PackLoader:240 - Cannot read IP mode file for STMicroelectronics.X-CUBE-ISPU.2.1.0
2026-02-28 17:27:00,935 [ERROR] Engine:466 - C:\Users\Xavi\.stm32cubemx\thirdparties\pdsc\STMicroelectronics.X-CUBE-IPS.3.2.0.pdsc: PDSC version is not supported
2026-02-28 17:27:00,945 [WARN] PackLoader:240 - Cannot read IP mode file for STMicroelectronics.X-CUBE-FREERTOS.1.2.0
2026-02-28 17:27:00,957 [WARN] PackLoader:240 - Cannot read IP mode file for STMicroelectronics.X-CUBE-NFC12.1.0.0
2026-02-28 17:27:00,978 [WARN] PackLoader:240 - Cannot read IP mode file for STMicroelectronics.X-CUBE-AZRTOS-L5.2.0.0
2026-02-28 17:27:01,006 [WARN] PackLoader:240 - Cannot read IP mode file for STMicroelectronics.X-CUBE-MEMS1.9.6.0
2026-02-28 17:27:01,063 [WARN] PackLoader:240 - Cannot read IP mode file for STMicroelectronics.X-CUBE-EEPRMA1.4.2.0
2026-02-28 17:27:01,071 [WARN] PackLoader:240 - Cannot read IP mode file for STMicroelectronics.X-CUBE-NFC6.3.1.0
2026-02-28 17:27:01,079 [WARN] PackLoader:240 - Cannot read IP mode file for ITTIA_DB.I-CUBE-ITTIADB.8.8.0
2026-02-28 17:27:01,087 [WARN] PackLoader:240 - Cannot read IP mode file for STMicroelectronics.X-CUBE-BLEMGR.2.0.0
2026-02-28 17:27:01,095 [WARN] PackLoader:240 - Cannot read IP mode file for STMicroelectronics.X-CUBE-DPower.1.2.0
2026-02-28 17:27:01,102 [WARN] PackLoader:240 - Cannot read IP mode file for STMicroelectronics.X-CUBE-AI.9.0.0
2026-02-28 17:27:01,119 [WARN] ConditionMgr:438 - getConditionDescription Invalid condition id : UX DEVICE CLASS RTOS Condition cause : null
2026-02-28 17:27:01,119 [WARN] ConditionMgr:438 - getConditionDescription Invalid condition id : UX DEVICE CLASS RTOS Condition cause : null
2026-02-28 17:27:01,119 [WARN] PackLoader:240 - Cannot read IP mode file for STMicroelectronics.X-CUBE-AZRTOS-H7.3.1.0
2026-02-28 17:27:01,120 [WARN] ConditionMgr:1039 - genDependencies : Invalid condition id : UX DEVICE CLASS RTOS Condition cause : null
2026-02-28 17:27:01,120 [WARN] ConditionMgr:1039 - genDependencies : Invalid condition id : UX DEVICE CLASS RTOS Condition cause : null
2026-02-28 17:27:01,120 [WARN] ConditionMgr:1039 - genDependencies : Invalid condition id : UX DEVICE CLASS RTOS Condition cause : null
2026-02-28 17:27:01,120 [WARN] ConditionMgr:1039 - genDependencies : Invalid condition id : UX DEVICE CLASS RTOS Condition cause : null
2026-02-28 17:27:01,120 [WARN] ConditionMgr:1039 - genDependencies : Invalid condition id : UX DEVICE CLASS RTOS Condition cause : null
2026-02-28 17:27:01,128 [WARN] PackLoader:240 - Cannot read IP mode file for STMicroelectronics.X-CUBE-FREERTOS.1.3.1
2026-02-28 17:27:01,134 [WARN] PackLoader:240 - Cannot read IP mode file for STMicroelectronics.X-CUBE-FREERTOS.1.3.0
2026-02-28 17:27:01,141 [WARN] PackLoader:240 - Cannot read IP mode file for STMicroelectronics.X-CUBE-NFC7.1.0.1
2026-02-28 17:27:01,148 [WARN] PackLoader:240 - Cannot read IP mode file for wolfSSL.I-CUBE-wolfTPM.3.2.0
2026-02-28 17:27:01,155 [WARN] PackLoader:240 - Cannot read IP mode file for STMicroelectronics.X-CUBE-TOUCHGFX.4.26.0
2026-02-28 17:27:01,162 [WARN] PackLoader:240 - Cannot read IP mode file for STMicroelectronics.X-CUBE-NFC6.3.0.0
2026-02-28 17:27:01,169 [WARN] PackLoader:240 - Cannot read IP mode file for STMicroelectronics.X-CUBE-EEPRMA1.4.1.0
2026-02-28 17:27:01,175 [ERROR] Engine:466 - C:\Users\Xavi\.stm32cubemx\thirdparties\pdsc\STMicroelectronics.FP-SNS-STAIOTCFT.1.0.0.pdsc: PDSC version is not supported
2026-02-28 17:27:01,182 [WARN] PackLoader:240 - Cannot read IP mode file for STMicroelectronics.X-CUBE-DPower.1.3.0
2026-02-28 17:27:01,188 [WARN] PackLoader:240 - Cannot read IP mode file for STMicroelectronics.X-CUBE-AI.8.1.0
2026-02-28 17:27:01,201 [WARN] ConditionMgr:438 - getConditionDescription Invalid condition id : LAN8742 Phy interface Condition cause : null
2026-02-28 17:27:01,201 [WARN] PackLoader:240 - Cannot read IP mode file for STMicroelectronics.X-CUBE-AZRTOS-L4.2.0.0
2026-02-28 17:27:01,202 [WARN] ConditionMgr:1039 - genDependencies : Invalid condition id : LAN8742 Phy interface Condition cause : null
2026-02-28 17:27:01,202 [WARN] ConditionMgr:1039 - genDependencies : Invalid condition id : LAN8742 Phy interface Condition cause : null
2026-02-28 17:27:01,202 [WARN] ConditionMgr:1039 - genDependencies : Invalid condition id : LAN8742 Phy interface Condition cause : null
2026-02-28 17:27:01,209 [WARN] PackLoader:240 - Cannot read IP mode file for STMicroelectronics.X-CUBE-SFXS2LP1.4.0.0
2026-02-28 17:27:01,216 [ERROR] Engine:466 - C:\Users\Xavi\.stm32cubemx\thirdparties\pdsc\STMicroelectronics.X-CUBE-ST67W61.1.2.0.pdsc: PDSC version is not supported
2026-02-28 17:27:01,222 [WARN] PackLoader:240 - Cannot read IP mode file for STMicroelectronics.X-CUBE-ISPU.1.1.0
2026-02-28 17:27:01,237 [WARN] PackLoader:240 - Cannot read IP mode file for STMicroelectronics.X-CUBE-AZRTOS-H7.3.3.0
2026-02-28 17:27:01,244 [ERROR] Engine:466 - C:\Users\Xavi\.stm32cubemx\thirdparties\pdsc\STMicroelectronics.X-CUBE-BLEMGR.4.1.0.pdsc: PDSC version is not supported
2026-02-28 17:27:01,256 [WARN] ConditionMgr:438 - getConditionDescription Invalid condition id : UX DEVICE CLASS RTOS Condition cause : null
2026-02-28 17:27:01,256 [WARN] ConditionMgr:438 - getConditionDescription Invalid condition id : UX DEVICE CLASS RTOS Condition cause : null
2026-02-28 17:27:01,257 [WARN] PackLoader:240 - Cannot read IP mode file for STMicroelectronics.X-CUBE-AZRTOS-WB.2.0.0
2026-02-28 17:27:01,257 [WARN] ConditionMgr:1039 - genDependencies : Invalid condition id : UX DEVICE CLASS RTOS Condition cause : null
2026-02-28 17:27:01,257 [WARN] ConditionMgr:1039 - genDependencies : Invalid condition id : UX DEVICE CLASS RTOS Condition cause : null
2026-02-28 17:27:01,257 [WARN] ConditionMgr:1039 - genDependencies : Invalid condition id : UX DEVICE CLASS RTOS Condition cause : null
2026-02-28 17:27:01,257 [WARN] ConditionMgr:1039 - genDependencies : Invalid condition id : UX DEVICE CLASS RTOS Condition cause : null
2026-02-28 17:27:01,257 [WARN] ConditionMgr:1039 - genDependencies : Invalid condition id : UX DEVICE CLASS RTOS Condition cause : null
2026-02-28 17:27:01,264 [WARN] PackLoader:240 - Cannot read IP mode file for STMicroelectronics.X-CUBE-FREERTOS.1.0.1
2026-02-28 17:27:01,265 [INFO] WebApp:161 - Instantiating new browser for Auth
2026-02-28 17:27:01,272 [WARN] PackLoader:240 - Cannot read IP mode file for STMicroelectronics.X-CUBE-GNSS1.7.0.0
2026-02-28 17:27:01,281 [WARN] PackLoader:240 - Cannot read IP mode file for STMicroelectronics.X-CUBE-GNSS1.7.0.1
2026-02-28 17:27:01,293 [WARN] PackLoader:240 - Cannot read IP mode file for STMicroelectronics.X-CUBE-TOUCHGFX.4.25.0
2026-02-28 17:27:01,300 [WARN] PackLoader:240 - Cannot read IP mode file for STMicroelectronics.FP-SNS-STBOX1.2.0.0
2026-02-28 17:27:01,309 [WARN] PackLoader:240 - Cannot read IP mode file for STMicroelectronics.X-CUBE-STSE01.2.0.0
2026-02-28 17:27:01,322 [WARN] PackLoader:240 - Cannot read IP mode file for STMicroelectronics.X-CUBE-AZRTOS-L5.1.1.0
2026-02-28 17:27:01,330 [WARN] PackLoader:240 - Cannot read IP mode file for STMicroelectronics.X-CUBE-AI.8.0.1
2026-02-28 17:27:01,339 [WARN] PackLoader:240 - Cannot read IP mode file for STMicroelectronics.X-CUBE-SUBG2.5.0.0
2026-02-28 17:27:01,360 [WARN] PackLoader:240 - Cannot read IP mode file for STMicroelectronics.X-CUBE-AZRTOS-H7RS.1.1.0
2026-02-28 17:27:01,369 [WARN] PackLoader:240 - Cannot read IP mode file for Cesanta.I-CUBE-Mongoose.7.13.0
2026-02-28 17:27:01,378 [WARN] PackLoader:240 - Cannot read IP mode file for STMicroelectronics.X-CUBE-TOF1.3.3.1
2026-02-28 17:27:01,392 [WARN] PackLoader:240 - Cannot read IP mode file for STMicroelectronics.X-CUBE-AZRTOS-G4.2.0.0
2026-02-28 17:27:01,403 [WARN] PackLoader:240 - Cannot read IP mode file for Infineon.AIROC-Wi-Fi-Bluetooth-STM32.1.5.1
2026-02-28 17:27:01,410 [WARN] PackLoader:240 - Cannot read IP mode file for STMicroelectronics.FP-SNS-MOTENVWB1.1.3.0
2026-02-28 17:27:01,417 [WARN] PackLoader:240 - Cannot read IP mode file for STMicroelectronics.X-CUBE-NFC7.2.0.0
2026-02-28 17:27:01,424 [WARN] PackLoader:240 - Cannot read IP mode file for STMicroelectronics.FP-SNS-MOTENVWB1.1.3.1
2026-02-28 17:27:01,430 [WARN] PackLoader:240 - Cannot read IP mode file for STMicroelectronics.X-CUBE-ISPU.2.0.0
2026-02-28 17:27:01,437 [ERROR] Engine:466 - C:\Users\Xavi\.stm32cubemx\thirdparties\pdsc\STMicroelectronics.X-CUBE-IPS.3.1.0.pdsc: PDSC version is not supported
2026-02-28 17:27:01,444 [WARN] PackLoader:240 - Cannot read IP mode file for STMicroelectronics.X-CUBE-ALS.1.0.2
2026-02-28 17:27:01,462 [WARN] PackLoader:240 - Cannot read IP mode file for STMicroelectronics.X-CUBE-MEMS1.10.0.0
2026-02-28 17:27:01,508 [WARN] PackLoader:240 - Cannot read IP mode file for STMicroelectronics.X-CUBE-FREERTOS.1.1.0
2026-02-28 17:27:01,516 [WARN] PackLoader:240 - Cannot read IP mode file for STMicroelectronics.X-CUBE-TOUCHGFX.4.24.0
2026-02-28 17:27:01,523 [WARN] PackLoader:240 - Cannot read IP mode file for STMicroelectronics.X-CUBE-TOUCHGFX.4.24.2
2026-02-28 17:27:01,530 [WARN] PackLoader:240 - Cannot read IP mode file for STMicroelectronics.X-CUBE-TOUCHGFX.4.24.1
2026-02-28 17:27:01,537 [WARN] PackLoader:240 - Cannot read IP mode file for STMicroelectronics.X-CUBE-STSE01.1.0.0
2026-02-28 17:27:01,545 [WARN] PackLoader:240 - Cannot read IP mode file for portGmbH.I-Cube-SoM-uGOAL.1.1.0
2026-02-28 17:27:01,552 [WARN] PackLoader:240 - Cannot read IP mode file for STMicroelectronics.X-CUBE-ALS.1.0.1
2026-02-28 17:27:01,563 [WARN] PackLoader:240 - Cannot read IP mode file for STMicroelectronics.X-CUBE-AZRTOS-WB.1.1.0
2026-02-28 17:27:01,577 [WARN] PackLoader:240 - Cannot read IP mode file for STMicroelectronics.X-CUBE-AZRTOS-H7RS.1.0.0
2026-02-28 17:27:01,585 [WARN] PackLoader:240 - Cannot read IP mode file for STMicroelectronics.FP-ATR-ASTRA1.2.0.0
2026-02-28 17:27:01,594 [WARN] PackLoader:240 - Cannot read IP mode file for STMicroelectronics.X-CUBE-TOF1.3.4.2
2026-02-28 17:27:01,605 [ERROR] Engine:466 - C:\Users\Xavi\.stm32cubemx\thirdparties\pdsc\STMicroelectronics.X-CUBE-TOF1.3.4.3.pdsc: PDSC version is not supported
2026-02-28 17:27:01,614 [WARN] PackLoader:240 - Cannot read IP mode file for STMicroelectronics.X-CUBE-TOF1.3.4.0
2026-02-28 17:27:01,626 [WARN] PackLoader:240 - Cannot read IP mode file for STMicroelectronics.X-CUBE-TOF1.3.4.1
2026-02-28 17:27:01,644 [WARN] PackLoader:240 - Cannot read IP mode file for STMicroelectronics.X-CUBE-AZRTOS-H7.3.2.0
2026-02-28 17:27:01,653 [WARN] PackLoader:240 - Cannot read IP mode file for wolfSSL.I-CUBE-wolfSSH.1.4.17
2026-02-28 17:27:01,653 [INFO] ThirdParty:978 - Integrity check success = true
2026-02-28 17:27:01,653 [INFO] IntegrityCheckThread:100 - exiting critical section [integrity check]
2026-02-28 17:27:01,653 [INFO] IntegrityCheckThread:103 - End integrity checks thread
2026-02-28 17:27:01,679 [INFO] WebApp:780 - Register for checkConnection events
2026-02-28 17:27:01,679 [INFO] WebApp:414 - Apply proxy settings
2026-02-28 17:27:01,679 [INFO] WebApp:499 - Chromium requires no authentication
2026-02-28 17:27:01,688 [INFO] WebApp:442 - Direct internet connection detected
2026-02-28 17:27:01,814 [INFO] WebApp:192 - Starting web application
2026-02-28 17:27:01,814 [INFO] WebApp:544 - Web application path used C:\ST\STM32CubeIDE_1.13.0\STM32CubeIDE\plugins\com.st.stm32cube.common.mx_6.10.0.202311202037\db\plugins\mcufinder\reactClient1\index.html
2026-02-28 17:27:22,392 [ERROR] LogOutputStream:75 - [STDERR_REDIRECT] SLF4J: Failed to load class "org.slf4j.impl.StaticLoggerBinder".
2026-02-28 17:27:22,392 [ERROR] LogOutputStream:75 - [STDERR_REDIRECT] SLF4J: Defaulting to no-operation (NOP) logger implementation
2026-02-28 17:27:22,393 [ERROR] LogOutputStream:75 - [STDERR_REDIRECT] SLF4J: See http://www.slf4j.org/codes.html#StaticLoggerBinder for further details.
