2026-03-09 18:34:31,638 [INFO] Activator:176 - 


2026-03-09 18:34:31,641 [INFO] Activator:177 - !SESSION log4j initialized
2026-03-09 18:34:35,464 [INFO] LogOutputStream:77 - [STDOUT_REDIRECT] 
2026-03-09 18:34:41,316 [INFO] ApplicationProperties:184 - Using Application install path: C:\ST\STM32CubeIDE_1.13.0\STM32CubeIDE\plugins\com.st.stm32cube.common.mx_6.10.0.202311202037
2026-03-09 18:34:41,327 [INFO] DbMcusXml:78 - Set database path to: C:\ST\STM32CubeIDE_1.13.0\STM32CubeIDE\plugins\com.st.stm32cube.common.mx_6.10.0.202311202037\\db\/mcu/
2026-03-09 18:34:41,328 [INFO] ApiDb:274 - Set plugin database path to: C:\ST\STM32CubeIDE_1.13.0\STM32CubeIDE\plugins\com.st.stm32cube.common.mx_6.10.0.202311202037\\db\/plugins/boardmanager/
2026-03-09 18:34:41,328 [WARN] ApiDb:259 - Overriding images path with different value:  => C:\ST\STM32CubeIDE_1.13.0\STM32CubeIDE\plugins\com.st.stm32cube.common.mx_6.10.0.202311202037\\db\/plugins/mcufinder/images/
2026-03-09 18:34:41,338 [INFO] ApiDb:250 - Set database path to: C:\Users\Xavi\.stmcufinder\plugins\mcufinder//mcu/
2026-03-09 18:34:41,339 [INFO] DbMcusAds:125 - Set database path to: C:\Users\Xavi\.stmcufinder\plugins\mcufinder//mcu/
2026-03-09 18:34:41,340 [INFO] CrossReferenceDbSqlite:203 - Set database path to: C:\Users\Xavi\.stmcufinder\plugins\mcufinder//mcu/cs/
2026-03-09 18:34:41,425 [INFO] RulesReader:64 - Compatibility file has been processed (297 Rules)
2026-03-09 18:34:41,503 [INFO] DbMcusXml:78 - Set database path to: C:\ST\STM32CubeIDE_1.13.0\STM32CubeIDE\plugins\com.st.stm32cube.common.mx_6.10.0.202311202037\\db\/mcu/
2026-03-09 18:34:41,503 [INFO] ApiDb:274 - Set plugin database path to: C:\ST\STM32CubeIDE_1.13.0\STM32CubeIDE\plugins\com.st.stm32cube.common.mx_6.10.0.202311202037\\db\/plugins/boardmanager/
2026-03-09 18:34:41,503 [INFO] ApiDb:261 - Set plugin images path to: C:\ST\STM32CubeIDE_1.13.0\STM32CubeIDE\plugins\com.st.stm32cube.common.mx_6.10.0.202311202037\\db\/plugins/mcufinder/images/
2026-03-09 18:34:41,503 [WARN] DbFile:41 - Overriding database path with different value: C:\Users\Xavi\.stmcufinder\plugins\mcufinder/ => C:\Users\Xavi\.stmcufinder\plugins\mcufinder
2026-03-09 18:34:41,504 [INFO] ApiDb:250 - Set database path to: C:\Users\Xavi\.stmcufinder\plugins\mcufinder//mcu/
2026-03-09 18:34:41,504 [WARN] DbFile:41 - Overriding database path with different value: C:\Users\Xavi\.stmcufinder\plugins\mcufinder/ => C:\Users\Xavi\.stmcufinder\plugins\mcufinder
2026-03-09 18:34:41,504 [INFO] DbMcusAds:125 - Set database path to: C:\Users\Xavi\.stmcufinder\plugins\mcufinder//mcu/
2026-03-09 18:34:41,504 [WARN] DbFile:41 - Overriding database path with different value: C:\Users\Xavi\.stmcufinder\plugins\mcufinder/ => C:\Users\Xavi\.stmcufinder\plugins\mcufinder
2026-03-09 18:34:41,504 [WARN] DbFile:41 - Overriding database path with different value: C:\Users\Xavi\.stmcufinder\plugins\mcufinder/ => C:\Users\Xavi\.stmcufinder\plugins\mcufinder
2026-03-09 18:34:41,504 [INFO] CrossReferenceDbSqlite:203 - Set database path to: C:\Users\Xavi\.stmcufinder\plugins\mcufinder//mcu/cs/
2026-03-09 18:34:41,552 [INFO] MainPanel:264 - HeapMemory: 268435456
2026-03-09 18:34:41,609 [INFO] DbMcusXml:78 - Set database path to: C:\ST\STM32CubeIDE_1.13.0\STM32CubeIDE\plugins\com.st.stm32cube.common.mx_6.10.0.202311202037\\db\/mcu/
2026-03-09 18:34:41,609 [INFO] ApiDb:274 - Set plugin database path to: C:\ST\STM32CubeIDE_1.13.0\STM32CubeIDE\plugins\com.st.stm32cube.common.mx_6.10.0.202311202037\\db\/plugins/boardmanager/
2026-03-09 18:34:41,609 [INFO] ApiDb:261 - Set plugin images path to: C:\ST\STM32CubeIDE_1.13.0\STM32CubeIDE\plugins\com.st.stm32cube.common.mx_6.10.0.202311202037\\db\/plugins/mcufinder/images/
2026-03-09 18:34:41,610 [WARN] DbFile:41 - Overriding database path with different value: C:\Users\Xavi\.stmcufinder\plugins\mcufinder/ => C:\Users\Xavi\.stmcufinder\plugins\mcufinder
2026-03-09 18:34:41,610 [INFO] ApiDb:250 - Set database path to: C:\Users\Xavi\.stmcufinder\plugins\mcufinder//mcu/
2026-03-09 18:34:41,610 [WARN] DbFile:41 - Overriding database path with different value: C:\Users\Xavi\.stmcufinder\plugins\mcufinder/ => C:\Users\Xavi\.stmcufinder\plugins\mcufinder
2026-03-09 18:34:41,610 [INFO] DbMcusAds:125 - Set database path to: C:\Users\Xavi\.stmcufinder\plugins\mcufinder//mcu/
2026-03-09 18:34:41,610 [WARN] DbFile:41 - Overriding database path with different value: C:\Users\Xavi\.stmcufinder\plugins\mcufinder/ => C:\Users\Xavi\.stmcufinder\plugins\mcufinder
2026-03-09 18:34:41,610 [WARN] DbFile:41 - Overriding database path with different value: C:\Users\Xavi\.stmcufinder\plugins\mcufinder/ => C:\Users\Xavi\.stmcufinder\plugins\mcufinder
2026-03-09 18:34:41,610 [INFO] CrossReferenceDbSqlite:203 - Set database path to: C:\Users\Xavi\.stmcufinder\plugins\mcufinder//mcu/cs/
2026-03-09 18:34:41,621 [INFO] ApplicationProperties:184 - Using Application install path: C:\ST\STM32CubeIDE_1.13.0\STM32CubeIDE\plugins\com.st.stm32cube.common.mx_6.10.0.202311202037
2026-03-09 18:34:41,622 [INFO] PluginManage:196 - Search for loadable plugins [exclusion list=, ]
2026-03-09 18:34:41,623 [INFO] PluginManage:310 - Check plugin analytics
2026-03-09 18:34:46,742 [INFO] AnalyticsPlugin:253 - Accepted Software Licenses: STM32CubeMX.6.9.0
2026-03-09 18:34:46,742 [INFO] AnalyticsPlugin:255 - Accepted CMSIS Pack Licenses: 
2026-03-09 18:34:46,742 [INFO] AnalyticsPlugin:257 - Accepted Firmware Licenses: FW.F4.1.27.0,FW.H5.1.1.0
2026-03-09 18:34:46,744 [INFO] PluginManage:359 - Loaded plugin analytics (category:tool,tabindex:-1)
2026-03-09 18:34:46,744 [INFO] PluginManage:310 - Check plugin cadmodel
2026-03-09 18:34:46,756 [INFO] CADModel:105 - Init CAD model plugin
2026-03-09 18:34:46,756 [INFO] PluginManage:359 - Loaded plugin cadmodel (category:power,tabindex:5)
2026-03-09 18:34:46,756 [INFO] PluginManage:310 - Check plugin clock
2026-03-09 18:34:46,771 [INFO] PluginManage:359 - Loaded plugin clock (category:base,tabindex:2)
2026-03-09 18:34:46,771 [INFO] PluginManage:310 - Check plugin ddr
2026-03-09 18:34:46,773 [INFO] PluginManage:359 - Loaded plugin ddr (category:tool,tabindex:6)
2026-03-09 18:34:46,773 [INFO] PluginManage:310 - Check plugin filemanager
2026-03-09 18:34:46,860 [INFO] PluginManage:359 - Loaded plugin filemanager (category:base,tabindex:10)
2026-03-09 18:34:46,860 [INFO] PluginManage:310 - Check plugin ipmanager
2026-03-09 18:34:46,864 [INFO] PluginManage:359 - Loaded plugin ipmanager (category:base,tabindex:5)
2026-03-09 18:34:46,864 [INFO] PluginManage:310 - Check plugin lpbam
2026-03-09 18:34:46,876 [INFO] PluginManage:359 - Loaded plugin lpbam (category:base,tabindex:0)
2026-03-09 18:34:46,876 [INFO] PluginManage:310 - Check plugin memorymap
2026-03-09 18:34:46,893 [INFO] PluginManage:359 - Loaded plugin memorymap (category:base,tabindex:4)
2026-03-09 18:34:46,893 [INFO] PluginManage:310 - Check plugin pinoutandconfiguration
2026-03-09 18:34:46,905 [INFO] PluginManage:359 - Loaded plugin pinoutandconfiguration (category:base,tabindex:1)
2026-03-09 18:34:46,905 [INFO] PluginManage:310 - Check plugin pinoutconfig
2026-03-09 18:34:46,967 [WARN] SupportedApi:132 - Cannot load RTOS API schema: s4s-elt-must-match.1: The content of 'definitions' must match (annotation?, (simpleType | complexType)?, (unique | key | keyref)*)). A problem was found starting at: attribute.
2026-03-09 18:34:47,053 [INFO] PluginManage:359 - Loaded plugin pinoutconfig (category:base,tabindex:0)
2026-03-09 18:34:47,053 [INFO] PluginManage:310 - Check plugin power
2026-03-09 18:34:47,070 [INFO] PluginManage:359 - Loaded plugin power (category:power,tabindex:4)
2026-03-09 18:34:47,070 [INFO] PluginManage:310 - Check plugin projectmanager
2026-03-09 18:34:47,081 [INFO] PluginManage:359 - Loaded plugin projectmanager (category:projectmanager,tabindex:3)
2026-03-09 18:34:47,081 [INFO] PluginManage:310 - Check plugin thirdparty
2026-03-09 18:34:47,269 [INFO] PluginManage:359 - Loaded plugin thirdparty (category:base,tabindex:-1)
2026-03-09 18:34:47,269 [INFO] PluginManage:310 - Check plugin tools
2026-03-09 18:34:47,269 [WARN] IntegrityCheckThread:84 - waiting for thirdparty lock release [integrity check]
2026-03-09 18:34:47,269 [INFO] IntegrityCheckThread:86 - entering critical section [integrity check]
2026-03-09 18:34:47,269 [INFO] ThirdPartyUpdaterWithRetryManager:70 - Updater plugin not ready yet. [1/15]
2026-03-09 18:34:47,293 [INFO] PluginManage:359 - Loaded plugin tools (category:base,tabindex:7)
2026-03-09 18:34:47,293 [INFO] PluginManage:310 - Check plugin tutovideos
2026-03-09 18:34:47,430 [INFO] PluginManage:359 - Loaded plugin tutovideos (category:base,tabindex:-1)
2026-03-09 18:34:47,430 [INFO] PluginManage:310 - Check plugin updater
2026-03-09 18:34:47,438 [INFO] PluginManage:359 - Loaded plugin updater (category:base,tabindex:12)
2026-03-09 18:34:47,438 [INFO] PluginManage:310 - Check plugin userauth
2026-03-09 18:34:47,442 [INFO] UserAuth:114 - Init User Auth plugin
2026-03-09 18:34:47,442 [INFO] PluginManage:359 - Loaded plugin userauth (category:base,tabindex:14)
2026-03-09 18:34:47,442 [INFO] PluginManage:283 - PluginManage : Loaded plugins [17]
2026-03-09 18:34:47,582 [INFO] PinOutPanel:1499 - setPackage(No Configuration,No Configuration)
2026-03-09 18:34:47,626 [INFO] CADModel:165 - CPN selected for project level
2026-03-09 18:34:47,626 [INFO] CADModel:114 - Register for checkConnection events
2026-03-09 18:34:47,648 [INFO] IPUIPlugin:80 - create IPUIPlugin
2026-03-09 18:34:47,648 [INFO] PluginManager:220 - loadIPPluginJar : add adc
2026-03-09 18:34:47,673 [INFO] IPUIPlugin:80 - create IPUIPlugin
2026-03-09 18:34:47,673 [INFO] PluginManager:220 - loadIPPluginJar : add aes
2026-03-09 18:34:47,701 [INFO] IPUIPlugin:80 - create IPUIPlugin
2026-03-09 18:34:47,701 [INFO] PluginManager:220 - loadIPPluginJar : add can
2026-03-09 18:34:47,717 [INFO] IPUIPlugin:80 - create IPUIPlugin
2026-03-09 18:34:47,717 [INFO] PluginManager:220 - loadIPPluginJar : add comp
2026-03-09 18:34:47,739 [INFO] IPUIPlugin:80 - create IPUIPlugin
2026-03-09 18:34:47,739 [INFO] PluginManager:220 - loadIPPluginJar : add cryp
2026-03-09 18:34:47,757 [INFO] IPUIPlugin:80 - create IPUIPlugin
2026-03-09 18:34:47,757 [INFO] PluginManager:220 - loadIPPluginJar : add dfsdm
2026-03-09 18:34:47,766 [INFO] IPUIPlugin:80 - create IPUIPlugin
2026-03-09 18:34:47,766 [INFO] PluginManager:220 - loadIPPluginJar : add dma
2026-03-09 18:34:47,795 [INFO] IPUIPlugin:80 - create IPUIPlugin
2026-03-09 18:34:47,795 [INFO] PluginManager:220 - loadIPPluginJar : add dma3
2026-03-09 18:34:47,807 [INFO] IPUIPlugin:80 - create IPUIPlugin
2026-03-09 18:34:47,807 [INFO] PluginManager:220 - loadIPPluginJar : add fatfs
2026-03-09 18:34:47,842 [INFO] IPUIPlugin:80 - create IPUIPlugin
2026-03-09 18:34:47,842 [INFO] PluginManager:220 - loadIPPluginJar : add fmc
2026-03-09 18:34:47,851 [INFO] IPUIPlugin:80 - create IPUIPlugin
2026-03-09 18:34:47,851 [INFO] PluginManager:220 - loadIPPluginJar : add freertos
2026-03-09 18:34:47,866 [INFO] IPUIPlugin:80 - create IPUIPlugin
2026-03-09 18:34:47,866 [INFO] PluginManager:220 - loadIPPluginJar : add genericplugin
2026-03-09 18:34:47,925 [INFO] IPUIPlugin:80 - create IPUIPlugin
2026-03-09 18:34:47,926 [INFO] PluginManager:220 - loadIPPluginJar : add gfxmmu
2026-03-09 18:34:48,010 [INFO] IPUIPlugin:80 - create IPUIPlugin
2026-03-09 18:34:48,010 [INFO] PluginManager:220 - loadIPPluginJar : add gic
2026-03-09 18:34:48,019 [INFO] IPUIPlugin:80 - create IPUIPlugin
2026-03-09 18:34:48,019 [INFO] PluginManager:220 - loadIPPluginJar : add gpio
2026-03-09 18:34:48,082 [INFO] IPUIPlugin:80 - create IPUIPlugin
2026-03-09 18:34:48,082 [INFO] PluginManager:220 - loadIPPluginJar : add gtzc
2026-03-09 18:34:48,101 [INFO] IPUIPlugin:80 - create IPUIPlugin
2026-03-09 18:34:48,102 [INFO] PluginManager:220 - loadIPPluginJar : add hash
2026-03-09 18:34:48,134 [INFO] IPUIPlugin:80 - create IPUIPlugin
2026-03-09 18:34:48,134 [INFO] PluginManager:220 - loadIPPluginJar : add i2c
2026-03-09 18:34:48,158 [INFO] IPUIPlugin:80 - create IPUIPlugin
2026-03-09 18:34:48,158 [INFO] PluginManager:220 - loadIPPluginJar : add i2s
2026-03-09 18:34:48,183 [INFO] IPUIPlugin:80 - create IPUIPlugin
2026-03-09 18:34:48,183 [INFO] PluginManager:220 - loadIPPluginJar : add i3c
2026-03-09 18:34:48,255 [INFO] IPUIPlugin:80 - create IPUIPlugin
2026-03-09 18:34:48,255 [INFO] PluginManager:220 - loadIPPluginJar : add ipddr
2026-03-09 18:34:48,314 [INFO] IPUIPlugin:80 - create IPUIPlugin
2026-03-09 18:34:48,314 [INFO] PluginManager:220 - loadIPPluginJar : add linkedlist
2026-03-09 18:34:48,337 [INFO] IPUIPlugin:80 - create IPUIPlugin
2026-03-09 18:34:48,337 [INFO] PluginManager:220 - loadIPPluginJar : add lorawan
2026-03-09 18:34:48,360 [INFO] IPUIPlugin:80 - create IPUIPlugin
2026-03-09 18:34:48,360 [INFO] PluginManager:220 - loadIPPluginJar : add ltdc
2026-03-09 18:34:48,369 [INFO] IPUIPlugin:80 - create IPUIPlugin
2026-03-09 18:34:48,369 [INFO] PluginManager:220 - loadIPPluginJar : add mdma
2026-03-09 18:34:48,376 [INFO] IPUIPlugin:80 - create IPUIPlugin
2026-03-09 18:34:48,376 [INFO] PluginManager:220 - loadIPPluginJar : add nvic
2026-03-09 18:34:48,401 [INFO] IPUIPlugin:80 - create IPUIPlugin
2026-03-09 18:34:48,401 [INFO] PluginManager:220 - loadIPPluginJar : add opamp
2026-03-09 18:34:48,441 [INFO] IPUIPlugin:80 - create IPUIPlugin
2026-03-09 18:34:48,441 [INFO] PluginManager:220 - loadIPPluginJar : add openamp
2026-03-09 18:34:48,470 [INFO] IPUIPlugin:80 - create IPUIPlugin
2026-03-09 18:34:48,470 [INFO] PluginManager:220 - loadIPPluginJar : add pdm2pcm
2026-03-09 18:34:48,479 [INFO] IPUIPlugin:80 - create IPUIPlugin
2026-03-09 18:34:48,480 [INFO] PluginManager:220 - loadIPPluginJar : add plateformsettings
2026-03-09 18:34:48,494 [INFO] IPUIPlugin:80 - create IPUIPlugin
2026-03-09 18:34:48,494 [INFO] PluginManager:220 - loadIPPluginJar : add quadspi
2026-03-09 18:34:48,503 [INFO] IPUIPlugin:80 - create IPUIPlugin
2026-03-09 18:34:48,503 [INFO] PluginManager:220 - loadIPPluginJar : add resmgrutility
2026-03-09 18:34:48,535 [INFO] IPUIPlugin:80 - create IPUIPlugin
2026-03-09 18:34:48,535 [INFO] PluginManager:220 - loadIPPluginJar : add sai
2026-03-09 18:34:48,557 [INFO] IPUIPlugin:80 - create IPUIPlugin
2026-03-09 18:34:48,557 [INFO] PluginManager:220 - loadIPPluginJar : add spi
2026-03-09 18:34:48,601 [INFO] IPUIPlugin:80 - create IPUIPlugin
2026-03-09 18:34:48,601 [INFO] PluginManager:220 - loadIPPluginJar : add stm32_wpan
2026-03-09 18:34:48,617 [INFO] IPUIPlugin:80 - create IPUIPlugin
2026-03-09 18:34:48,617 [INFO] PluginManager:220 - loadIPPluginJar : add tim
2026-03-09 18:34:48,651 [INFO] IPUIPlugin:80 - create IPUIPlugin
2026-03-09 18:34:48,651 [INFO] PluginManager:220 - loadIPPluginJar : add touchsensing
2026-03-09 18:34:48,666 [INFO] IPUIPlugin:80 - create IPUIPlugin
2026-03-09 18:34:48,666 [INFO] PluginManager:220 - loadIPPluginJar : add tracer_emb
2026-03-09 18:34:48,681 [INFO] IPUIPlugin:80 - create IPUIPlugin
2026-03-09 18:34:48,681 [INFO] PluginManager:220 - loadIPPluginJar : add ts
2026-03-09 18:34:48,696 [INFO] IPUIPlugin:80 - create IPUIPlugin
2026-03-09 18:34:48,696 [INFO] PluginManager:220 - loadIPPluginJar : add tsc
2026-03-09 18:34:48,710 [INFO] IPUIPlugin:80 - create IPUIPlugin
2026-03-09 18:34:48,710 [INFO] PluginManager:220 - loadIPPluginJar : add ucpd
2026-03-09 18:34:48,739 [INFO] IPUIPlugin:80 - create IPUIPlugin
2026-03-09 18:34:48,739 [INFO] PluginManager:220 - loadIPPluginJar : add usart
2026-03-09 18:34:48,766 [INFO] IPUIPlugin:80 - create IPUIPlugin
2026-03-09 18:34:48,766 [INFO] PluginManager:220 - loadIPPluginJar : add usbx
2026-03-09 18:34:48,870 [INFO] CADModel:165 - CPN selected for project level
2026-03-09 18:34:48,870 [INFO] CADModel:114 - Register for checkConnection events
2026-03-09 18:34:48,870 [FATAL] Updater:308 - Updater called before beeing initialized
2026-03-09 18:34:48,870 [ERROR] CADModel:125 - Updater not yet initialized, retry later 
2026-03-09 18:34:48,950 [INFO] CADModel:165 - CPN selected for project level
2026-03-09 18:34:48,950 [INFO] CADModel:114 - Register for checkConnection events
2026-03-09 18:34:48,950 [FATAL] Updater:308 - Updater called before beeing initialized
2026-03-09 18:34:48,950 [ERROR] CADModel:125 - Updater not yet initialized, retry later 
2026-03-09 18:34:48,952 [FATAL] Updater:308 - Updater called before beeing initialized
2026-03-09 18:34:49,009 [FATAL] Updater:308 - Updater called before beeing initialized
2026-03-09 18:34:49,016 [INFO] DbMcusAds:53 - JSON generation date=Wed Feb 18 15:32:49 CET 2026 (1771425169371)
2026-03-09 18:34:49,016 [FATAL] Updater:308 - Updater called before beeing initialized
2026-03-09 18:34:49,069 [WARN] DetailPanel:346 - Failed to get advertising image, set to default
2026-03-09 18:34:49,131 [FATAL] Updater:308 - Updater called before beeing initialized
2026-03-09 18:34:49,132 [FATAL] Updater:308 - Updater called before beeing initialized
2026-03-09 18:34:49,132 [FATAL] Updater:308 - Updater called before beeing initialized
2026-03-09 18:34:49,132 [WARN] DetailPanel:346 - Failed to get advertising image, set to default
2026-03-09 18:34:49,132 [FATAL] Updater:308 - Updater called before beeing initialized
2026-03-09 18:34:49,166 [ERROR] Updater:1120 - MainUpdater not yet initialized. External WinMGr cannot be set.
2026-03-09 18:34:49,173 [INFO] Updater:1056 - Updater Version found : 6.10.0
2026-03-09 18:34:49,186 [INFO] ApplicationProperties:184 - Using Application install path: C:\ST\STM32CubeIDE_1.13.0\STM32CubeIDE\plugins\com.st.stm32cube.common.mx_6.10.0.202311202037
2026-03-09 18:34:49,843 [INFO] MainUpdater:2873 - connection check result : 10
2026-03-09 18:34:49,843 [INFO] MainUpdater:290 - Updater Check For Update Now.
2026-03-09 18:34:49,843 [INFO] MicroXplorer:498 - Change Database Version : DB.6.0.100
2026-03-09 18:34:49,853 [INFO] McuFinderGlobals:63 - Set McuFinder mode to 2 (CubeIDE integrated)
2026-03-09 18:34:49,860 [INFO] UserAuth:404 - Internet connection configuration mode: 1
2026-03-09 18:34:49,886 [INFO] JxBrowserEngine:152 - Initiate JxBrowser Engine with user profile folder
2026-03-09 18:34:50,014 [INFO] CheckServerUpdateThread:120 - End of CheckServer Thread
2026-03-09 18:34:50,489 [WARN] PackLoader:240 - Cannot read IP mode file for STMicroelectronics.X-CUBE-AZRTOS-H7.3.5.0
2026-03-09 18:34:50,500 [WARN] PackLoader:240 - Cannot read IP mode file for STMicroelectronics.FP-SNS-MOTENVWB1.1.4.0
2026-03-09 18:34:50,508 [WARN] PackLoader:240 - Cannot read IP mode file for STMicroelectronics.FP-ATR-ASTRA1.2.0.2
2026-03-09 18:34:50,515 [WARN] PackLoader:240 - Cannot read IP mode file for STMicroelectronics.FP-ATR-ASTRA1.2.0.1
2026-03-09 18:34:50,528 [WARN] PackLoader:240 - Cannot read IP mode file for STMicroelectronics.X-CUBE-SMBUS.2.1.0
2026-03-09 18:34:50,538 [WARN] PackLoader:240 - Cannot read IP mode file for STMicroelectronics.X-CUBE-WB05N.1.1.0
2026-03-09 18:34:50,545 [ERROR] Engine:466 - C:\Users\Xavi\.stm32cubemx\thirdparties\pdsc\STMicroelectronics.X-CUBE-ST60.1.0.0.pdsc: PDSC version is not supported
2026-03-09 18:34:50,553 [WARN] PackLoader:240 - Cannot read IP mode file for STMicroelectronics.X-CUBE-TOUCHGFX.4.23.0
2026-03-09 18:34:50,590 [WARN] PackLoader:240 - Cannot read IP mode file for STMicroelectronics.X-CUBE-AZRTOS-F7.1.1.0
2026-03-09 18:34:50,600 [WARN] PackLoader:240 - Cannot read IP mode file for STMicroelectronics.FP-SNS-MOTENV1.4.3.2
2026-03-09 18:34:50,631 [WARN] PackLoader:240 - Cannot read IP mode file for STMicroelectronics.X-CUBE-MEMS1.11.0.0
2026-03-09 18:34:50,699 [WARN] PackLoader:240 - Cannot read IP mode file for STMicroelectronics.X-CUBE-BLE1.6.2.4
2026-03-09 18:34:50,705 [ERROR] Engine:466 - C:\Users\Xavi\.stm32cubemx\thirdparties\pdsc\STMicroelectronics.FP-SNS-MOTENV1.5.1.0.pdsc: PDSC version is not supported
2026-03-09 18:34:50,713 [WARN] PackLoader:240 - Cannot read IP mode file for STMicroelectronics.FP-SNS-FLIGHT1.5.0.2
2026-03-09 18:34:50,728 [WARN] PackLoader:240 - Cannot read IP mode file for STMicroelectronics.X-CUBE-AZRTOS-H7.3.4.0
2026-03-09 18:34:50,739 [WARN] PackLoader:240 - Cannot read IP mode file for STMicroelectronics.X-CUBE-DISPLAY.3.0.0
2026-03-09 18:34:50,748 [ERROR] Engine:466 - C:\Users\Xavi\.stm32cubemx\thirdparties\pdsc\STMicroelectronics.FP-SNS-MOTENVWB1.1.5.0.pdsc: PDSC version is not supported
2026-03-09 18:34:50,754 [WARN] PackLoader:240 - Cannot read IP mode file for STMicroelectronics.X-CUBE-BLE1.7.0.0
2026-03-09 18:34:50,761 [WARN] PackLoader:240 - Cannot read IP mode file for STMicroelectronics.X-CUBE-NFC10.1.0.0
2026-03-09 18:34:50,770 [WARN] PackLoader:240 - Cannot read IP mode file for STMicroelectronics.X-CUBE-BLEMGR.4.0.0
2026-03-09 18:34:50,776 [ERROR] Engine:466 - C:\Users\Xavi\.stm32cubemx\thirdparties\pdsc\STMicroelectronics.X-CUBE-ST60.1.1.0.pdsc: PDSC version is not supported
2026-03-09 18:34:50,784 [WARN] PackLoader:240 - Cannot read IP mode file for emotas.I-CUBE-CANOPEN.1.3.0
2026-03-09 18:34:50,790 [WARN] PackLoader:240 - Cannot read IP mode file for STMicroelectronics.X-CUBE-TOUCHGFX.4.22.0
2026-03-09 18:34:50,797 [WARN] PackLoader:240 - Cannot read IP mode file for STMicroelectronics.X-CUBE-GNSS1.7.1.0
2026-03-09 18:34:50,804 [WARN] PackLoader:240 - Cannot read IP mode file for STMicroelectronics.X-CUBE-TOUCHGFX.4.22.1
2026-03-09 18:34:50,812 [WARN] PackLoader:240 - Cannot read IP mode file for STMicroelectronics.X-CUBE-BLEMGR.3.1.0
2026-03-09 18:34:50,821 [WARN] PackLoader:240 - Cannot read IP mode file for STMicroelectronics.X-CUBE-AI.10.0.0
2026-03-09 18:34:50,827 [ERROR] Engine:466 - C:\Users\Xavi\.stm32cubemx\thirdparties\pdsc\STMicroelectronics.FP-SNS-STBOX1.2.1.0.pdsc: PDSC version is not supported
2026-03-09 18:34:50,834 [WARN] PackLoader:240 - Cannot read IP mode file for STMicroelectronics.FP-SNS-SMARTAG2.1.2.0
2026-03-09 18:34:50,841 [ERROR] Engine:466 - C:\Users\Xavi\.stm32cubemx\thirdparties\pdsc\STMicroelectronics.FP-SNS-FLIGHT1.5.1.0.pdsc: PDSC version is not supported
2026-03-09 18:34:50,865 [WARN] PackLoader:240 - Cannot read IP mode file for STMicroelectronics.X-CUBE-MEMS1.11.1.0
2026-03-09 18:34:50,929 [INFO] LogOutputStream:77 - [STDOUT_REDIRECT] 1 : Invalid condition id : UX_CORESTACK_Condition cause : null
2026-03-09 18:34:50,929 [INFO] LogOutputStream:77 - [STDOUT_REDIRECT] 1 : Invalid condition id : UX_CORESTACK_Condition cause : null
2026-03-09 18:34:50,930 [INFO] LogOutputStream:77 - [STDOUT_REDIRECT] 1 : Invalid condition id : UX_CORESTACK_Condition cause : null
2026-03-09 18:34:50,931 [INFO] LogOutputStream:77 - [STDOUT_REDIRECT] 1 : Invalid condition id : UX_CORESTACK_Condition cause : null
2026-03-09 18:34:50,932 [INFO] LogOutputStream:77 - [STDOUT_REDIRECT] 1 : Invalid condition id : UX_CORESTACK_Condition cause : null
2026-03-09 18:34:50,933 [WARN] PackLoader:240 - Cannot read IP mode file for STMicroelectronics.X-CUBE-AZRTOS-WL.2.0.0
2026-03-09 18:34:50,941 [WARN] PackLoader:240 - Cannot read IP mode file for STMicroelectronics.FP-SNS-MOTENV1.5.0.0
2026-03-09 18:34:50,958 [WARN] PackLoader:240 - Cannot read IP mode file for STMicroelectronics.X-CUBE-AZRTOS-H7RS.1.2.0
2026-03-09 18:34:50,967 [WARN] PackLoader:240 - Cannot read IP mode file for wolfSSL.I-CUBE-wolfMQTT.1.19.0
2026-03-09 18:34:50,976 [WARN] PackLoader:240 - Cannot read IP mode file for WES.I-CUBE-Cesium.1.3.0
2026-03-09 18:34:50,983 [WARN] PackLoader:240 - Cannot read IP mode file for STMicroelectronics.X-CUBE-BLE2.3.3.0
2026-03-09 18:34:50,989 [ERROR] Engine:466 - C:\Users\Xavi\.stm32cubemx\thirdparties\pdsc\Avnet-IOTCONNECT.X-CUBE-iotc-st67-sdk.1.0.0.pdsc: PDSC version is not supported
2026-03-09 18:34:50,996 [WARN] PackLoader:240 - Cannot read IP mode file for STMicroelectronics.X-CUBE-NFC9.1.0.0
2026-03-09 18:34:51,006 [WARN] PackLoader:240 - Cannot read IP mode file for STMicroelectronics.X-CUBE-BLE1.7.1.0
2026-03-09 18:34:51,013 [WARN] PackLoader:240 - Cannot read IP mode file for STMicroelectronics.X-CUBE-TCPP.4.1.0
2026-03-09 18:34:51,020 [ERROR] Engine:466 - C:\Users\Xavi\.stm32cubemx\thirdparties\pdsc\STMicroelectronics.X-CUBE-FREERTOS.1.4.0.pdsc: PDSC version is not supported
2026-03-09 18:34:51,028 [WARN] PackLoader:240 - Cannot read IP mode file for STMicroelectronics.X-CUBE-EEPRMA1.5.2.0
2026-03-09 18:34:51,035 [ERROR] Engine:466 - C:\Users\Xavi\.stm32cubemx\thirdparties\pdsc\STMicroelectronics.X-CUBE-ST67W61.1.1.0.pdsc: PDSC version is not supported
2026-03-09 18:34:51,041 [WARN] PackLoader:240 - Cannot read IP mode file for STMicroelectronics.X-CUBE-AI.10.1.0
2026-03-09 18:34:51,065 [WARN] PackLoader:240 - Cannot read IP mode file for STMicroelectronics.X-CUBE-MEMS1.12.0.0
2026-03-09 18:34:51,138 [WARN] PackLoader:240 - Cannot read IP mode file for STMicroelectronics.X-CUBE-ALGOBUILD.1.3.0
2026-03-09 18:34:51,153 [WARN] PackLoader:240 - Cannot read IP mode file for STMicroelectronics.X-CUBE-AZRTOS-G0.1.1.0
2026-03-09 18:34:51,163 [WARN] PackLoader:240 - Cannot read IP mode file for STMicroelectronics.X-CUBE-SAFEA1.1.2.2
2026-03-09 18:34:51,171 [WARN] PackLoader:240 - Cannot read IP mode file for STMicroelectronics.X-CUBE-NFC4.3.0.0
2026-03-09 18:34:51,182 [WARN] PackLoader:240 - Cannot read IP mode file for EmbeddedOffice.I-CUBE-FS-RTOS.1.0.1
2026-03-09 18:34:51,182 [ERROR] ConditionMgr:805 - Attr not supported : Dmpu
2026-03-09 18:34:51,182 [ERROR] ConditionMgr:805 - Attr not supported : Dmpu
2026-03-09 18:34:51,182 [ERROR] ConditionMgr:805 - Attr not supported : Dmpu
2026-03-09 18:34:51,182 [ERROR] ConditionMgr:805 - Attr not supported : Dmpu
2026-03-09 18:34:51,182 [ERROR] ConditionMgr:805 - Attr not supported : Dmpu
2026-03-09 18:34:51,182 [ERROR] ConditionMgr:805 - Attr not supported : Dmpu
2026-03-09 18:34:51,182 [ERROR] ConditionMgr:805 - Attr not supported : Dmpu
2026-03-09 18:34:51,182 [ERROR] ConditionMgr:805 - Attr not supported : Dmpu
2026-03-09 18:34:51,182 [ERROR] ConditionMgr:805 - Attr not supported : Dmpu
2026-03-09 18:34:51,182 [ERROR] ConditionMgr:805 - Attr not supported : Dmpu
2026-03-09 18:34:51,182 [ERROR] ConditionMgr:805 - Attr not supported : Dmpu
2026-03-09 18:34:51,182 [ERROR] ConditionMgr:805 - Attr not supported : Dmpu
2026-03-09 18:34:51,182 [ERROR] ConditionMgr:805 - Attr not supported : Dmpu
2026-03-09 18:34:51,182 [ERROR] ConditionMgr:805 - Attr not supported : Dmpu
2026-03-09 18:34:51,182 [ERROR] ConditionMgr:805 - Attr not supported : Dmpu
2026-03-09 18:34:51,182 [ERROR] ConditionMgr:805 - Attr not supported : Dmpu
2026-03-09 18:34:51,182 [ERROR] ConditionMgr:805 - Attr not supported : Dmpu
2026-03-09 18:34:51,182 [ERROR] ConditionMgr:805 - Attr not supported : Dmpu
2026-03-09 18:34:51,183 [ERROR] ConditionMgr:805 - Attr not supported : Dmpu
2026-03-09 18:34:51,183 [ERROR] ConditionMgr:805 - Attr not supported : Dmpu
2026-03-09 18:34:51,183 [ERROR] ConditionMgr:805 - Attr not supported : Dmpu
2026-03-09 18:34:51,183 [ERROR] ConditionMgr:805 - Attr not supported : Dmpu
2026-03-09 18:34:51,183 [ERROR] ConditionMgr:805 - Attr not supported : Dmpu
2026-03-09 18:34:51,183 [ERROR] ConditionMgr:805 - Attr not supported : Dmpu
2026-03-09 18:34:51,183 [ERROR] ConditionMgr:805 - Attr not supported : Dmpu
2026-03-09 18:34:51,183 [ERROR] ConditionMgr:805 - Attr not supported : Dmpu
2026-03-09 18:34:51,183 [ERROR] ConditionMgr:805 - Attr not supported : Dmpu
2026-03-09 18:34:51,183 [ERROR] ConditionMgr:805 - Attr not supported : Dmpu
2026-03-09 18:34:51,183 [ERROR] ConditionMgr:805 - Attr not supported : Dmpu
2026-03-09 18:34:51,183 [ERROR] ConditionMgr:805 - Attr not supported : Dmpu
2026-03-09 18:34:51,183 [ERROR] ConditionMgr:805 - Attr not supported : Dmpu
2026-03-09 18:34:51,183 [ERROR] ConditionMgr:805 - Attr not supported : Dmpu
2026-03-09 18:34:51,183 [ERROR] ConditionMgr:805 - Attr not supported : Dmpu
2026-03-09 18:34:51,183 [ERROR] ConditionMgr:805 - Attr not supported : Dmpu
2026-03-09 18:34:51,183 [ERROR] ConditionMgr:805 - Attr not supported : Dmpu
2026-03-09 18:34:51,183 [ERROR] ConditionMgr:805 - Attr not supported : Dmpu
2026-03-09 18:34:51,184 [ERROR] ConditionMgr:805 - Attr not supported : Dmpu
2026-03-09 18:34:51,185 [ERROR] ConditionMgr:805 - Attr not supported : Dmpu
2026-03-09 18:34:51,185 [ERROR] ConditionMgr:805 - Attr not supported : Dmpu
2026-03-09 18:34:51,185 [ERROR] ConditionMgr:805 - Attr not supported : Dmpu
2026-03-09 18:34:51,185 [ERROR] ConditionMgr:805 - Attr not supported : Dmpu
2026-03-09 18:34:51,186 [ERROR] ConditionMgr:805 - Attr not supported : Dmpu
2026-03-09 18:34:51,186 [ERROR] ConditionMgr:805 - Attr not supported : Dmpu
2026-03-09 18:34:51,186 [ERROR] ConditionMgr:805 - Attr not supported : Dmpu
2026-03-09 18:34:51,186 [ERROR] ConditionMgr:805 - Attr not supported : Dmpu
2026-03-09 18:34:51,186 [ERROR] ConditionMgr:805 - Attr not supported : Dmpu
2026-03-09 18:34:51,186 [ERROR] ConditionMgr:805 - Attr not supported : Dmpu
2026-03-09 18:34:51,186 [ERROR] ConditionMgr:805 - Attr not supported : Dmpu
2026-03-09 18:34:51,186 [ERROR] ConditionMgr:805 - Attr not supported : Dmpu
2026-03-09 18:34:51,186 [ERROR] ConditionMgr:805 - Attr not supported : Dmpu
2026-03-09 18:34:51,186 [ERROR] ConditionMgr:805 - Attr not supported : Dmpu
2026-03-09 18:34:51,186 [ERROR] ConditionMgr:805 - Attr not supported : Dmpu
2026-03-09 18:34:51,186 [ERROR] ConditionMgr:805 - Attr not supported : Dmpu
2026-03-09 18:34:51,186 [ERROR] ConditionMgr:805 - Attr not supported : Dmpu
2026-03-09 18:34:51,186 [ERROR] ConditionMgr:805 - Attr not supported : Dmpu
2026-03-09 18:34:51,186 [ERROR] ConditionMgr:805 - Attr not supported : Dmpu
2026-03-09 18:34:51,186 [ERROR] ConditionMgr:805 - Attr not supported : Dmpu
2026-03-09 18:34:51,186 [ERROR] ConditionMgr:805 - Attr not supported : Dmpu
2026-03-09 18:34:51,186 [ERROR] ConditionMgr:805 - Attr not supported : Dmpu
2026-03-09 18:34:51,186 [ERROR] ConditionMgr:805 - Attr not supported : Dmpu
2026-03-09 18:34:51,186 [ERROR] ConditionMgr:805 - Attr not supported : Dmpu
2026-03-09 18:34:51,186 [ERROR] ConditionMgr:805 - Attr not supported : Dmpu
2026-03-09 18:34:51,186 [ERROR] ConditionMgr:805 - Attr not supported : Dmpu
2026-03-09 18:34:51,187 [ERROR] ConditionMgr:805 - Attr not supported : Dmpu
2026-03-09 18:34:51,195 [WARN] PackLoader:240 - Cannot read IP mode file for STMicroelectronics.X-CUBE-WB05N.2.0.0
2026-03-09 18:34:51,203 [WARN] PackLoader:240 - Cannot read IP mode file for STMicroelectronics.X-CUBE-BLEMGR.3.0.0
2026-03-09 18:34:51,210 [ERROR] Engine:466 - C:\Users\Xavi\.stm32cubemx\thirdparties\pdsc\STMicroelectronics.X-CUBE-TCPP.4.2.0.pdsc: PDSC version is not supported
2026-03-09 18:34:51,218 [WARN] PackLoader:240 - Cannot read IP mode file for RealThread.X-CUBE-RT-Thread_Nano.4.1.1
2026-03-09 18:34:51,225 [WARN] PackLoader:240 - Cannot read IP mode file for STMicroelectronics.FP-ATR-SIGFOX1.3.2.0
2026-03-09 18:34:51,232 [WARN] ConditionMgr:438 - getConditionDescription Invalid condition id : Cortex-A Device cause : null
2026-03-09 18:34:51,246 [WARN] ConditionMgr:1039 - genDependencies : Invalid condition id : Cortex-A Device cause : null
2026-03-09 18:34:51,247 [WARN] ConditionMgr:1039 - genDependencies : Invalid condition id : Cortex-A Device cause : null
2026-03-09 18:34:51,247 [WARN] ConditionMgr:1039 - genDependencies : Invalid condition id : Cortex-A Device cause : null
2026-03-09 18:34:51,253 [WARN] PackLoader:240 - Cannot read IP mode file for STMicroelectronics.X-CUBE-EEPRMA1.5.1.0
2026-03-09 18:34:51,259 [ERROR] Engine:466 - C:\Users\Xavi\.stm32cubemx\thirdparties\pdsc\STMicroelectronics.X-CUBE-FREERTOS.1.5.0.pdsc: PDSC version is not supported
2026-03-09 18:34:51,267 [WARN] PackLoader:240 - Cannot read IP mode file for STMicroelectronics.X-CUBE-NFC6.3.2.0
2026-03-09 18:34:51,274 [ERROR] Engine:466 - C:\Users\Xavi\.stm32cubemx\thirdparties\pdsc\STMicroelectronics.X-CUBE-ST67W61.1.0.0.pdsc: PDSC version is not supported
2026-03-09 18:34:51,280 [WARN] PackLoader:240 - Cannot read IP mode file for STMicroelectronics.X-CUBE-AI.10.2.0
2026-03-09 18:34:51,299 [WARN] PackLoader:240 - Cannot read IP mode file for SEGGER.I-CUBE-embOS.1.3.1
2026-03-09 18:34:51,325 [WARN] PackLoader:240 - Cannot read IP mode file for STMicroelectronics.X-CUBE-ALGOBUILD.1.4.0
2026-03-09 18:34:51,349 [WARN] PackLoader:240 - Cannot read IP mode file for STMicroelectronics.X-CUBE-MEMS1.11.3.0
2026-03-09 18:34:51,415 [WARN] PackLoader:240 - Cannot read IP mode file for STMicroelectronics.X-CUBE-PM33A1.1.0.0
2026-03-09 18:34:51,422 [WARN] PackLoader:240 - Cannot read IP mode file for STMicroelectronics.X-CUBE-GNSS1.6.0.0
2026-03-09 18:34:51,435 [WARN] PackLoader:240 - Cannot read IP mode file for STMicroelectronics.X-CUBE-AZRTOS-F4.1.1.0
2026-03-09 18:34:51,443 [WARN] PackLoader:240 - Cannot read IP mode file for wolfSSL.I-CUBE-wolfSSL.5.6.3
2026-03-09 18:34:51,449 [ERROR] Engine:466 - C:\Users\Xavi\.stm32cubemx\thirdparties\pdsc\Avnet-IotConnect.X-CUBE-IoTC-DA16k-PMOD.1.0.0.pdsc: PDSC version is not supported
2026-03-09 18:34:51,456 [WARN] PackLoader:240 - Cannot read IP mode file for STMicroelectronics.X-CUBE-ISPU.2.1.0
2026-03-09 18:34:51,463 [ERROR] Engine:466 - C:\Users\Xavi\.stm32cubemx\thirdparties\pdsc\STMicroelectronics.X-CUBE-IPS.3.2.0.pdsc: PDSC version is not supported
2026-03-09 18:34:51,470 [WARN] PackLoader:240 - Cannot read IP mode file for STMicroelectronics.X-CUBE-FREERTOS.1.2.0
2026-03-09 18:34:51,477 [WARN] PackLoader:240 - Cannot read IP mode file for STMicroelectronics.X-CUBE-NFC12.1.0.0
2026-03-09 18:34:51,492 [WARN] PackLoader:240 - Cannot read IP mode file for STMicroelectronics.X-CUBE-AZRTOS-L5.2.0.0
2026-03-09 18:34:51,512 [WARN] PackLoader:240 - Cannot read IP mode file for STMicroelectronics.X-CUBE-MEMS1.9.6.0
2026-03-09 18:34:51,571 [WARN] PackLoader:240 - Cannot read IP mode file for STMicroelectronics.X-CUBE-EEPRMA1.4.2.0
2026-03-09 18:34:51,578 [WARN] PackLoader:240 - Cannot read IP mode file for STMicroelectronics.X-CUBE-NFC6.3.1.0
2026-03-09 18:34:51,595 [WARN] PackLoader:240 - Cannot read IP mode file for ITTIA_DB.I-CUBE-ITTIADB.8.8.0
2026-03-09 18:34:51,615 [WARN] PackLoader:240 - Cannot read IP mode file for STMicroelectronics.X-CUBE-BLEMGR.2.0.0
2026-03-09 18:34:51,623 [WARN] PackLoader:240 - Cannot read IP mode file for STMicroelectronics.X-CUBE-DPower.1.2.0
2026-03-09 18:34:51,630 [WARN] PackLoader:240 - Cannot read IP mode file for STMicroelectronics.X-CUBE-AI.9.0.0
2026-03-09 18:34:51,647 [WARN] ConditionMgr:438 - getConditionDescription Invalid condition id : UX DEVICE CLASS RTOS Condition cause : null
2026-03-09 18:34:51,647 [WARN] ConditionMgr:438 - getConditionDescription Invalid condition id : UX DEVICE CLASS RTOS Condition cause : null
2026-03-09 18:34:51,648 [WARN] PackLoader:240 - Cannot read IP mode file for STMicroelectronics.X-CUBE-AZRTOS-H7.3.1.0
2026-03-09 18:34:51,648 [WARN] ConditionMgr:1039 - genDependencies : Invalid condition id : UX DEVICE CLASS RTOS Condition cause : null
2026-03-09 18:34:51,648 [WARN] ConditionMgr:1039 - genDependencies : Invalid condition id : UX DEVICE CLASS RTOS Condition cause : null
2026-03-09 18:34:51,648 [WARN] ConditionMgr:1039 - genDependencies : Invalid condition id : UX DEVICE CLASS RTOS Condition cause : null
2026-03-09 18:34:51,649 [WARN] ConditionMgr:1039 - genDependencies : Invalid condition id : UX DEVICE CLASS RTOS Condition cause : null
2026-03-09 18:34:51,649 [WARN] ConditionMgr:1039 - genDependencies : Invalid condition id : UX DEVICE CLASS RTOS Condition cause : null
2026-03-09 18:34:51,657 [WARN] PackLoader:240 - Cannot read IP mode file for STMicroelectronics.X-CUBE-FREERTOS.1.3.1
2026-03-09 18:34:51,665 [WARN] PackLoader:240 - Cannot read IP mode file for STMicroelectronics.X-CUBE-FREERTOS.1.3.0
2026-03-09 18:34:51,673 [WARN] PackLoader:240 - Cannot read IP mode file for STMicroelectronics.X-CUBE-NFC7.1.0.1
2026-03-09 18:34:51,681 [WARN] PackLoader:240 - Cannot read IP mode file for wolfSSL.I-CUBE-wolfTPM.3.2.0
2026-03-09 18:34:51,692 [WARN] PackLoader:240 - Cannot read IP mode file for STMicroelectronics.X-CUBE-TOUCHGFX.4.26.0
2026-03-09 18:34:51,703 [WARN] PackLoader:240 - Cannot read IP mode file for STMicroelectronics.X-CUBE-NFC6.3.0.0
2026-03-09 18:34:51,714 [WARN] PackLoader:240 - Cannot read IP mode file for STMicroelectronics.X-CUBE-TOUCHGFX.4.26.1
2026-03-09 18:34:51,724 [WARN] PackLoader:240 - Cannot read IP mode file for STMicroelectronics.X-CUBE-EEPRMA1.4.1.0
2026-03-09 18:34:51,733 [ERROR] Engine:466 - C:\Users\Xavi\.stm32cubemx\thirdparties\pdsc\STMicroelectronics.FP-SNS-STAIOTCFT.1.0.0.pdsc: PDSC version is not supported
2026-03-09 18:34:51,740 [WARN] PackLoader:240 - Cannot read IP mode file for STMicroelectronics.X-CUBE-DPower.1.3.0
2026-03-09 18:34:51,751 [WARN] PackLoader:240 - Cannot read IP mode file for STMicroelectronics.X-CUBE-AI.8.1.0
2026-03-09 18:34:51,769 [WARN] ConditionMgr:438 - getConditionDescription Invalid condition id : LAN8742 Phy interface Condition cause : null
2026-03-09 18:34:51,769 [WARN] PackLoader:240 - Cannot read IP mode file for STMicroelectronics.X-CUBE-AZRTOS-L4.2.0.0
2026-03-09 18:34:51,769 [WARN] ConditionMgr:1039 - genDependencies : Invalid condition id : LAN8742 Phy interface Condition cause : null
2026-03-09 18:34:51,769 [WARN] ConditionMgr:1039 - genDependencies : Invalid condition id : LAN8742 Phy interface Condition cause : null
2026-03-09 18:34:51,770 [WARN] ConditionMgr:1039 - genDependencies : Invalid condition id : LAN8742 Phy interface Condition cause : null
2026-03-09 18:34:51,780 [WARN] PackLoader:240 - Cannot read IP mode file for STMicroelectronics.X-CUBE-SFXS2LP1.4.0.0
2026-03-09 18:34:51,787 [ERROR] Engine:466 - C:\Users\Xavi\.stm32cubemx\thirdparties\pdsc\STMicroelectronics.X-CUBE-ST67W61.1.2.0.pdsc: PDSC version is not supported
2026-03-09 18:34:51,796 [WARN] PackLoader:240 - Cannot read IP mode file for STMicroelectronics.X-CUBE-ISPU.1.1.0
2026-03-09 18:34:51,813 [WARN] PackLoader:240 - Cannot read IP mode file for STMicroelectronics.X-CUBE-AZRTOS-H7.3.3.0
2026-03-09 18:34:51,821 [ERROR] Engine:466 - C:\Users\Xavi\.stm32cubemx\thirdparties\pdsc\STMicroelectronics.X-CUBE-BLEMGR.4.1.0.pdsc: PDSC version is not supported
2026-03-09 18:34:51,832 [WARN] ConditionMgr:438 - getConditionDescription Invalid condition id : UX DEVICE CLASS RTOS Condition cause : null
2026-03-09 18:34:51,832 [WARN] ConditionMgr:438 - getConditionDescription Invalid condition id : UX DEVICE CLASS RTOS Condition cause : null
2026-03-09 18:34:51,833 [WARN] PackLoader:240 - Cannot read IP mode file for STMicroelectronics.X-CUBE-AZRTOS-WB.2.0.0
2026-03-09 18:34:51,833 [WARN] ConditionMgr:1039 - genDependencies : Invalid condition id : UX DEVICE CLASS RTOS Condition cause : null
2026-03-09 18:34:51,833 [WARN] ConditionMgr:1039 - genDependencies : Invalid condition id : UX DEVICE CLASS RTOS Condition cause : null
2026-03-09 18:34:51,833 [WARN] ConditionMgr:1039 - genDependencies : Invalid condition id : UX DEVICE CLASS RTOS Condition cause : null
2026-03-09 18:34:51,833 [WARN] ConditionMgr:1039 - genDependencies : Invalid condition id : UX DEVICE CLASS RTOS Condition cause : null
2026-03-09 18:34:51,833 [WARN] ConditionMgr:1039 - genDependencies : Invalid condition id : UX DEVICE CLASS RTOS Condition cause : null
2026-03-09 18:34:51,840 [WARN] PackLoader:240 - Cannot read IP mode file for STMicroelectronics.X-CUBE-FREERTOS.1.0.1
2026-03-09 18:34:51,849 [WARN] PackLoader:240 - Cannot read IP mode file for STMicroelectronics.X-CUBE-GNSS1.7.0.0
2026-03-09 18:34:51,856 [WARN] PackLoader:240 - Cannot read IP mode file for STMicroelectronics.X-CUBE-GNSS1.7.0.1
2026-03-09 18:34:51,859 [INFO] WebApp:161 - Instantiating new browser for Auth
2026-03-09 18:34:51,863 [WARN] PackLoader:240 - Cannot read IP mode file for STMicroelectronics.X-CUBE-TOUCHGFX.4.25.0
2026-03-09 18:34:51,873 [WARN] PackLoader:240 - Cannot read IP mode file for STMicroelectronics.FP-SNS-STBOX1.2.0.0
2026-03-09 18:34:51,883 [WARN] PackLoader:240 - Cannot read IP mode file for STMicroelectronics.X-CUBE-STSE01.2.0.0
2026-03-09 18:34:51,897 [WARN] PackLoader:240 - Cannot read IP mode file for STMicroelectronics.X-CUBE-AZRTOS-L5.1.1.0
2026-03-09 18:34:51,906 [WARN] PackLoader:240 - Cannot read IP mode file for STMicroelectronics.X-CUBE-AI.8.0.1
2026-03-09 18:34:51,920 [WARN] PackLoader:240 - Cannot read IP mode file for STMicroelectronics.X-CUBE-SUBG2.5.0.0
2026-03-09 18:34:51,940 [WARN] PackLoader:240 - Cannot read IP mode file for STMicroelectronics.X-CUBE-AZRTOS-H7RS.1.1.0
2026-03-09 18:34:51,949 [WARN] PackLoader:240 - Cannot read IP mode file for Cesanta.I-CUBE-Mongoose.7.13.0
2026-03-09 18:34:51,957 [WARN] PackLoader:240 - Cannot read IP mode file for STMicroelectronics.X-CUBE-TOF1.3.3.1
2026-03-09 18:34:51,971 [WARN] PackLoader:240 - Cannot read IP mode file for STMicroelectronics.X-CUBE-AZRTOS-G4.2.0.0
2026-03-09 18:34:51,983 [WARN] PackLoader:240 - Cannot read IP mode file for Infineon.AIROC-Wi-Fi-Bluetooth-STM32.1.5.1
2026-03-09 18:34:51,991 [WARN] PackLoader:240 - Cannot read IP mode file for STMicroelectronics.FP-SNS-MOTENVWB1.1.3.0
2026-03-09 18:34:51,999 [WARN] PackLoader:240 - Cannot read IP mode file for STMicroelectronics.X-CUBE-NFC7.2.0.0
2026-03-09 18:34:52,007 [WARN] PackLoader:240 - Cannot read IP mode file for STMicroelectronics.FP-SNS-MOTENVWB1.1.3.1
2026-03-09 18:34:52,014 [WARN] PackLoader:240 - Cannot read IP mode file for STMicroelectronics.X-CUBE-ISPU.2.0.0
2026-03-09 18:34:52,024 [ERROR] Engine:466 - C:\Users\Xavi\.stm32cubemx\thirdparties\pdsc\STMicroelectronics.X-CUBE-IPS.3.1.0.pdsc: PDSC version is not supported
2026-03-09 18:34:52,032 [WARN] PackLoader:240 - Cannot read IP mode file for STMicroelectronics.X-CUBE-ALS.1.0.2
2026-03-09 18:34:52,053 [WARN] PackLoader:240 - Cannot read IP mode file for STMicroelectronics.X-CUBE-MEMS1.10.0.0
2026-03-09 18:34:52,100 [WARN] PackLoader:240 - Cannot read IP mode file for STMicroelectronics.X-CUBE-FREERTOS.1.1.0
2026-03-09 18:34:52,106 [WARN] PackLoader:240 - Cannot read IP mode file for STMicroelectronics.X-CUBE-TOUCHGFX.4.24.0
2026-03-09 18:34:52,112 [WARN] PackLoader:240 - Cannot read IP mode file for STMicroelectronics.X-CUBE-TOUCHGFX.4.24.2
2026-03-09 18:34:52,118 [WARN] PackLoader:240 - Cannot read IP mode file for STMicroelectronics.X-CUBE-TOUCHGFX.4.24.1
2026-03-09 18:34:52,126 [WARN] PackLoader:240 - Cannot read IP mode file for STMicroelectronics.X-CUBE-STSE01.1.0.0
2026-03-09 18:34:52,134 [WARN] PackLoader:240 - Cannot read IP mode file for portGmbH.I-Cube-SoM-uGOAL.1.1.0
2026-03-09 18:34:52,140 [WARN] PackLoader:240 - Cannot read IP mode file for STMicroelectronics.X-CUBE-ALS.1.0.1
2026-03-09 18:34:52,150 [WARN] PackLoader:240 - Cannot read IP mode file for STMicroelectronics.X-CUBE-AZRTOS-WB.1.1.0
2026-03-09 18:34:52,164 [WARN] PackLoader:240 - Cannot read IP mode file for STMicroelectronics.X-CUBE-AZRTOS-H7RS.1.0.0
2026-03-09 18:34:52,172 [WARN] PackLoader:240 - Cannot read IP mode file for STMicroelectronics.FP-ATR-ASTRA1.2.0.0
2026-03-09 18:34:52,181 [WARN] PackLoader:240 - Cannot read IP mode file for STMicroelectronics.X-CUBE-TOF1.3.4.2
2026-03-09 18:34:52,193 [ERROR] Engine:466 - C:\Users\Xavi\.stm32cubemx\thirdparties\pdsc\STMicroelectronics.X-CUBE-TOF1.3.4.3.pdsc: PDSC version is not supported
2026-03-09 18:34:52,202 [WARN] PackLoader:240 - Cannot read IP mode file for STMicroelectronics.X-CUBE-TOF1.3.4.0
2026-03-09 18:34:52,216 [WARN] PackLoader:240 - Cannot read IP mode file for STMicroelectronics.X-CUBE-TOF1.3.4.1
2026-03-09 18:34:52,233 [WARN] PackLoader:240 - Cannot read IP mode file for STMicroelectronics.X-CUBE-AZRTOS-H7.3.2.0
2026-03-09 18:34:52,242 [WARN] PackLoader:240 - Cannot read IP mode file for wolfSSL.I-CUBE-wolfSSH.1.4.17
2026-03-09 18:34:52,242 [INFO] ThirdParty:978 - Integrity check success = true
2026-03-09 18:34:52,242 [INFO] IntegrityCheckThread:100 - exiting critical section [integrity check]
2026-03-09 18:34:52,242 [INFO] IntegrityCheckThread:103 - End integrity checks thread
2026-03-09 18:34:52,431 [INFO] WebApp:780 - Register for checkConnection events
2026-03-09 18:34:52,431 [INFO] WebApp:414 - Apply proxy settings
2026-03-09 18:34:52,431 [INFO] WebApp:499 - Chromium requires no authentication
2026-03-09 18:34:52,435 [INFO] WebApp:442 - Direct internet connection detected
2026-03-09 18:34:52,524 [INFO] WebApp:192 - Starting web application
2026-03-09 18:34:52,524 [INFO] WebApp:544 - Web application path used C:\ST\STM32CubeIDE_1.13.0\STM32CubeIDE\plugins\com.st.stm32cube.common.mx_6.10.0.202311202037\db\plugins\mcufinder\reactClient1\index.html
2026-03-09 18:35:13,116 [ERROR] LogOutputStream:75 - [STDERR_REDIRECT] SLF4J: Failed to load class "org.slf4j.impl.StaticLoggerBinder".
2026-03-09 18:35:13,116 [ERROR] LogOutputStream:75 - [STDERR_REDIRECT] SLF4J: Defaulting to no-operation (NOP) logger implementation
2026-03-09 18:35:13,117 [ERROR] LogOutputStream:75 - [STDERR_REDIRECT] SLF4J: See http://www.slf4j.org/codes.html#StaticLoggerBinder for further details.
